-- Install configuration: ""
-- Up-to-date: /home/nitzz/my_warehouse_project/install/barcode_box_creation/lib/barcode_box_creation/camera_cv2.py
-- Up-to-date: /home/nitzz/my_warehouse_project/install/barcode_box_creation/lib/barcode_box_creation/generate_urdf1.py
-- Up-to-date: /home/nitzz/my_warehouse_project/install/barcode_box_creation/lib/barcode_box_creation/main.py
-- Up-to-date: /home/nitzz/my_warehouse_project/install/barcode_box_creation/lib/barcode_box_creation/prod_box.py
-- Up-to-date: /home/nitzz/my_warehouse_project/install/barcode_box_creation/lib/barcode_box_creation/camera_launch.py
-- Up-to-date: /home/nitzz/my_warehouse_project/install/barcode_box_creation/share/barcode_box_creation//launch
-- Up-to-date: /home/nitzz/my_warehouse_project/install/barcode_box_creation/share/barcode_box_creation//launch/camera_launch.py
-- Up-to-date: /home/nitzz/my_warehouse_project/install/barcode_box_creation/share/barcode_box_creation//barcode_box_creation
-- Up-to-date: /home/nitzz/my_warehouse_project/install/barcode_box_creation/share/barcode_box_creation//barcode_box_creation/__pycache__
-- Up-to-date: /home/nitzz/my_warehouse_project/install/barcode_box_creation/share/barcode_box_creation//barcode_box_creation/__pycache__/prod_box.cpython-310.pyc
-- Up-to-date: /home/nitzz/my_warehouse_project/install/barcode_box_creation/share/barcode_box_creation//barcode_box_creation/__pycache__/generate_urdf1.cpython-310.pyc
-- Up-to-date: /home/nitzz/my_warehouse_project/install/barcode_box_creation/share/barcode_box_creation//barcode_box_creation/models
-- Up-to-date: /home/nitzz/my_warehouse_project/install/barcode_box_creation/share/barcode_box_creation//barcode_box_creation/models/9821091809851
-- Up-to-date: /home/nitzz/my_warehouse_project/install/barcode_box_creation/share/barcode_box_creation//barcode_box_creation/models/9821091809851/materials
-- Up-to-date: /home/nitzz/my_warehouse_project/install/barcode_box_creation/share/barcode_box_creation//barcode_box_creation/models/9821091809851/materials/textures
-- Up-to-date: /home/nitzz/my_warehouse_project/install/barcode_box_creation/share/barcode_box_creation//barcode_box_creation/models/9821091809851/materials/textures/9821091809851.png
-- Up-to-date: /home/nitzz/my_warehouse_project/install/barcode_box_creation/share/barcode_box_creation//barcode_box_creation/models/9821091809851/materials/scripts
-- Up-to-date: /home/nitzz/my_warehouse_project/install/barcode_box_creation/share/barcode_box_creation//barcode_box_creation/models/9821091809851/materials/scripts/9821091809851.material
-- Up-to-date: /home/nitzz/my_warehouse_project/install/barcode_box_creation/share/barcode_box_creation//barcode_box_creation/models/9821091809851/9821091809851.config
-- Up-to-date: /home/nitzz/my_warehouse_project/install/barcode_box_creation/share/barcode_box_creation//barcode_box_creation/models/9821091809851/9821091809851.sdf
-- Up-to-date: /home/nitzz/my_warehouse_project/install/barcode_box_creation/share/barcode_box_creation//barcode_box_creation/models/8575520152138
-- Up-to-date: /home/nitzz/my_warehouse_project/install/barcode_box_creation/share/barcode_box_creation//barcode_box_creation/models/8575520152138/materials
-- Up-to-date: /home/nitzz/my_warehouse_project/install/barcode_box_creation/share/barcode_box_creation//barcode_box_creation/models/8575520152138/materials/textures
-- Up-to-date: /home/nitzz/my_warehouse_project/install/barcode_box_creation/share/barcode_box_creation//barcode_box_creation/models/8575520152138/materials/textures/8575520152138.png
-- Up-to-date: /home/nitzz/my_warehouse_project/install/barcode_box_creation/share/barcode_box_creation//barcode_box_creation/models/8575520152138/materials/scripts
-- Up-to-date: /home/nitzz/my_warehouse_project/install/barcode_box_creation/share/barcode_box_creation//barcode_box_creation/models/8575520152138/materials/scripts/8575520152138.material
-- Up-to-date: /home/nitzz/my_warehouse_project/install/barcode_box_creation/share/barcode_box_creation//barcode_box_creation/models/8575520152138/8575520152138.config
-- Up-to-date: /home/nitzz/my_warehouse_project/install/barcode_box_creation/share/barcode_box_creation//barcode_box_creation/models/8575520152138/8575520152138.sdf
-- Up-to-date: /home/nitzz/my_warehouse_project/install/barcode_box_creation/share/barcode_box_creation//barcode_box_creation/models/1324335372569
-- Up-to-date: /home/nitzz/my_warehouse_project/install/barcode_box_creation/share/barcode_box_creation//barcode_box_creation/models/1324335372569/materials
-- Up-to-date: /home/nitzz/my_warehouse_project/install/barcode_box_creation/share/barcode_box_creation//barcode_box_creation/models/1324335372569/materials/textures
-- Up-to-date: /home/nitzz/my_warehouse_project/install/barcode_box_creation/share/barcode_box_creation//barcode_box_creation/models/1324335372569/materials/textures/1324335372569.png
-- Up-to-date: /home/nitzz/my_warehouse_project/install/barcode_box_creation/share/barcode_box_creation//barcode_box_creation/models/1324335372569/materials/scripts
-- Up-to-date: /home/nitzz/my_warehouse_project/install/barcode_box_creation/share/barcode_box_creation//barcode_box_creation/models/1324335372569/materials/scripts/1324335372569.material
-- Up-to-date: /home/nitzz/my_warehouse_project/install/barcode_box_creation/share/barcode_box_creation//barcode_box_creation/models/1324335372569/1324335372569.config
-- Up-to-date: /home/nitzz/my_warehouse_project/install/barcode_box_creation/share/barcode_box_creation//barcode_box_creation/models/1324335372569/1324335372569.sdf
-- Up-to-date: /home/nitzz/my_warehouse_project/install/barcode_box_creation/share/barcode_box_creation//barcode_box_creation/models/6447659382117
-- Up-to-date: /home/nitzz/my_warehouse_project/install/barcode_box_creation/share/barcode_box_creation//barcode_box_creation/models/6447659382117/6447659382117.config
-- Up-to-date: /home/nitzz/my_warehouse_project/install/barcode_box_creation/share/barcode_box_creation//barcode_box_creation/models/6447659382117/materials
-- Up-to-date: /home/nitzz/my_warehouse_project/install/barcode_box_creation/share/barcode_box_creation//barcode_box_creation/models/6447659382117/materials/textures
-- Up-to-date: /home/nitzz/my_warehouse_project/install/barcode_box_creation/share/barcode_box_creation//barcode_box_creation/models/6447659382117/materials/textures/6447659382117.png
-- Up-to-date: /home/nitzz/my_warehouse_project/install/barcode_box_creation/share/barcode_box_creation//barcode_box_creation/models/6447659382117/materials/scripts
-- Up-to-date: /home/nitzz/my_warehouse_project/install/barcode_box_creation/share/barcode_box_creation//barcode_box_creation/models/6447659382117/materials/scripts/6447659382117.material
-- Up-to-date: /home/nitzz/my_warehouse_project/install/barcode_box_creation/share/barcode_box_creation//barcode_box_creation/models/6447659382117/6447659382117.sdf
-- Up-to-date: /home/nitzz/my_warehouse_project/install/barcode_box_creation/share/barcode_box_creation//barcode_box_creation/models/5934027885625
-- Up-to-date: /home/nitzz/my_warehouse_project/install/barcode_box_creation/share/barcode_box_creation//barcode_box_creation/models/5934027885625/materials
-- Up-to-date: /home/nitzz/my_warehouse_project/install/barcode_box_creation/share/barcode_box_creation//barcode_box_creation/models/5934027885625/materials/textures
-- Up-to-date: /home/nitzz/my_warehouse_project/install/barcode_box_creation/share/barcode_box_creation//barcode_box_creation/models/5934027885625/materials/textures/5934027885625.png
-- Up-to-date: /home/nitzz/my_warehouse_project/install/barcode_box_creation/share/barcode_box_creation//barcode_box_creation/models/5934027885625/materials/scripts
-- Up-to-date: /home/nitzz/my_warehouse_project/install/barcode_box_creation/share/barcode_box_creation//barcode_box_creation/models/5934027885625/materials/scripts/5934027885625.material
-- Up-to-date: /home/nitzz/my_warehouse_project/install/barcode_box_creation/share/barcode_box_creation//barcode_box_creation/models/5934027885625/5934027885625.sdf
-- Up-to-date: /home/nitzz/my_warehouse_project/install/barcode_box_creation/share/barcode_box_creation//barcode_box_creation/models/5934027885625/5934027885625.config
-- Up-to-date: /home/nitzz/my_warehouse_project/install/barcode_box_creation/share/barcode_box_creation//barcode_box_creation/models/7849269835138
-- Up-to-date: /home/nitzz/my_warehouse_project/install/barcode_box_creation/share/barcode_box_creation//barcode_box_creation/models/7849269835138/materials
-- Up-to-date: /home/nitzz/my_warehouse_project/install/barcode_box_creation/share/barcode_box_creation//barcode_box_creation/models/7849269835138/materials/textures
-- Up-to-date: /home/nitzz/my_warehouse_project/install/barcode_box_creation/share/barcode_box_creation//barcode_box_creation/models/7849269835138/materials/textures/7849269835138.png
-- Up-to-date: /home/nitzz/my_warehouse_project/install/barcode_box_creation/share/barcode_box_creation//barcode_box_creation/models/7849269835138/materials/scripts
-- Up-to-date: /home/nitzz/my_warehouse_project/install/barcode_box_creation/share/barcode_box_creation//barcode_box_creation/models/7849269835138/materials/scripts/7849269835138.material
-- Up-to-date: /home/nitzz/my_warehouse_project/install/barcode_box_creation/share/barcode_box_creation//barcode_box_creation/models/7849269835138/7849269835138.config
-- Up-to-date: /home/nitzz/my_warehouse_project/install/barcode_box_creation/share/barcode_box_creation//barcode_box_creation/models/7849269835138/7849269835138.sdf
-- Up-to-date: /home/nitzz/my_warehouse_project/install/barcode_box_creation/share/barcode_box_creation//barcode_box_creation/models/8522057232544
-- Up-to-date: /home/nitzz/my_warehouse_project/install/barcode_box_creation/share/barcode_box_creation//barcode_box_creation/models/8522057232544/materials
-- Up-to-date: /home/nitzz/my_warehouse_project/install/barcode_box_creation/share/barcode_box_creation//barcode_box_creation/models/8522057232544/materials/textures
-- Up-to-date: /home/nitzz/my_warehouse_project/install/barcode_box_creation/share/barcode_box_creation//barcode_box_creation/models/8522057232544/materials/textures/8522057232544.png
-- Up-to-date: /home/nitzz/my_warehouse_project/install/barcode_box_creation/share/barcode_box_creation//barcode_box_creation/models/8522057232544/materials/scripts
-- Up-to-date: /home/nitzz/my_warehouse_project/install/barcode_box_creation/share/barcode_box_creation//barcode_box_creation/models/8522057232544/materials/scripts/8522057232544.material
-- Up-to-date: /home/nitzz/my_warehouse_project/install/barcode_box_creation/share/barcode_box_creation//barcode_box_creation/models/8522057232544/8522057232544.config
-- Up-to-date: /home/nitzz/my_warehouse_project/install/barcode_box_creation/share/barcode_box_creation//barcode_box_creation/models/8522057232544/8522057232544.sdf
-- Up-to-date: /home/nitzz/my_warehouse_project/install/barcode_box_creation/share/barcode_box_creation//barcode_box_creation/models/9286296763993
-- Up-to-date: /home/nitzz/my_warehouse_project/install/barcode_box_creation/share/barcode_box_creation//barcode_box_creation/models/9286296763993/materials
-- Up-to-date: /home/nitzz/my_warehouse_project/install/barcode_box_creation/share/barcode_box_creation//barcode_box_creation/models/9286296763993/materials/textures
-- Up-to-date: /home/nitzz/my_warehouse_project/install/barcode_box_creation/share/barcode_box_creation//barcode_box_creation/models/9286296763993/materials/textures/9286296763993.png
-- Up-to-date: /home/nitzz/my_warehouse_project/install/barcode_box_creation/share/barcode_box_creation//barcode_box_creation/models/9286296763993/materials/scripts
-- Up-to-date: /home/nitzz/my_warehouse_project/install/barcode_box_creation/share/barcode_box_creation//barcode_box_creation/models/9286296763993/materials/scripts/9286296763993.material
-- Up-to-date: /home/nitzz/my_warehouse_project/install/barcode_box_creation/share/barcode_box_creation//barcode_box_creation/models/9286296763993/9286296763993.sdf
-- Up-to-date: /home/nitzz/my_warehouse_project/install/barcode_box_creation/share/barcode_box_creation//barcode_box_creation/models/9286296763993/9286296763993.config
-- Up-to-date: /home/nitzz/my_warehouse_project/install/barcode_box_creation/share/barcode_box_creation//barcode_box_creation/models/3653089861860
-- Up-to-date: /home/nitzz/my_warehouse_project/install/barcode_box_creation/share/barcode_box_creation//barcode_box_creation/models/3653089861860/3653089861860.sdf
-- Up-to-date: /home/nitzz/my_warehouse_project/install/barcode_box_creation/share/barcode_box_creation//barcode_box_creation/models/3653089861860/materials
-- Up-to-date: /home/nitzz/my_warehouse_project/install/barcode_box_creation/share/barcode_box_creation//barcode_box_creation/models/3653089861860/materials/textures
-- Up-to-date: /home/nitzz/my_warehouse_project/install/barcode_box_creation/share/barcode_box_creation//barcode_box_creation/models/3653089861860/materials/textures/3653089861860.png
-- Up-to-date: /home/nitzz/my_warehouse_project/install/barcode_box_creation/share/barcode_box_creation//barcode_box_creation/models/3653089861860/materials/scripts
-- Up-to-date: /home/nitzz/my_warehouse_project/install/barcode_box_creation/share/barcode_box_creation//barcode_box_creation/models/3653089861860/materials/scripts/3653089861860.material
-- Up-to-date: /home/nitzz/my_warehouse_project/install/barcode_box_creation/share/barcode_box_creation//barcode_box_creation/models/3653089861860/3653089861860.config
-- Up-to-date: /home/nitzz/my_warehouse_project/install/barcode_box_creation/share/barcode_box_creation//barcode_box_creation/models/4190009230397
-- Up-to-date: /home/nitzz/my_warehouse_project/install/barcode_box_creation/share/barcode_box_creation//barcode_box_creation/models/4190009230397/4190009230397.sdf
-- Up-to-date: /home/nitzz/my_warehouse_project/install/barcode_box_creation/share/barcode_box_creation//barcode_box_creation/models/4190009230397/materials
-- Up-to-date: /home/nitzz/my_warehouse_project/install/barcode_box_creation/share/barcode_box_creation//barcode_box_creation/models/4190009230397/materials/textures
-- Up-to-date: /home/nitzz/my_warehouse_project/install/barcode_box_creation/share/barcode_box_creation//barcode_box_creation/models/4190009230397/materials/textures/4190009230397.png
-- Up-to-date: /home/nitzz/my_warehouse_project/install/barcode_box_creation/share/barcode_box_creation//barcode_box_creation/models/4190009230397/materials/scripts
-- Up-to-date: /home/nitzz/my_warehouse_project/install/barcode_box_creation/share/barcode_box_creation//barcode_box_creation/models/4190009230397/materials/scripts/4190009230397.material
-- Up-to-date: /home/nitzz/my_warehouse_project/install/barcode_box_creation/share/barcode_box_creation//barcode_box_creation/models/4190009230397/4190009230397.config
-- Up-to-date: /home/nitzz/my_warehouse_project/install/barcode_box_creation/share/barcode_box_creation//barcode_box_creation/__init__.py
-- Up-to-date: /home/nitzz/my_warehouse_project/install/barcode_box_creation/share/barcode_box_creation//barcode_box_creation/inventory_list.csv
-- Up-to-date: /home/nitzz/my_warehouse_project/install/barcode_box_creation/share/barcode_box_creation//barcode_box_creation/prod_box.py
-- Up-to-date: /home/nitzz/my_warehouse_project/install/barcode_box_creation/share/barcode_box_creation//barcode_box_creation/main.py
-- Up-to-date: /home/nitzz/my_warehouse_project/install/barcode_box_creation/share/barcode_box_creation//barcode_box_creation/barcode_product_list.csv
-- Up-to-date: /home/nitzz/my_warehouse_project/install/barcode_box_creation/share/barcode_box_creation//barcode_box_creation/camera_cv2.py
-- Up-to-date: /home/nitzz/my_warehouse_project/install/barcode_box_creation/share/barcode_box_creation//barcode_box_creation/generate_urdf1.py
-- Up-to-date: /home/nitzz/my_warehouse_project/install/barcode_box_creation/share/ament_index/resource_index/package_run_dependencies/barcode_box_creation
-- Up-to-date: /home/nitzz/my_warehouse_project/install/barcode_box_creation/share/ament_index/resource_index/parent_prefix_path/barcode_box_creation
-- Up-to-date: /home/nitzz/my_warehouse_project/install/barcode_box_creation/share/barcode_box_creation/environment/ament_prefix_path.sh
-- Up-to-date: /home/nitzz/my_warehouse_project/install/barcode_box_creation/share/barcode_box_creation/environment/ament_prefix_path.dsv
-- Up-to-date: /home/nitzz/my_warehouse_project/install/barcode_box_creation/share/barcode_box_creation/environment/path.sh
-- Up-to-date: /home/nitzz/my_warehouse_project/install/barcode_box_creation/share/barcode_box_creation/environment/path.dsv
-- Up-to-date: /home/nitzz/my_warehouse_project/install/barcode_box_creation/share/barcode_box_creation/local_setup.bash
-- Up-to-date: /home/nitzz/my_warehouse_project/install/barcode_box_creation/share/barcode_box_creation/local_setup.sh
-- Up-to-date: /home/nitzz/my_warehouse_project/install/barcode_box_creation/share/barcode_box_creation/local_setup.zsh
-- Up-to-date: /home/nitzz/my_warehouse_project/install/barcode_box_creation/share/barcode_box_creation/local_setup.dsv
-- Up-to-date: /home/nitzz/my_warehouse_project/install/barcode_box_creation/share/barcode_box_creation/package.dsv
-- Up-to-date: /home/nitzz/my_warehouse_project/install/barcode_box_creation/share/ament_index/resource_index/packages/barcode_box_creation
-- Up-to-date: /home/nitzz/my_warehouse_project/install/barcode_box_creation/share/barcode_box_creation/cmake/barcode_box_creationConfig.cmake
-- Up-to-date: /home/nitzz/my_warehouse_project/install/barcode_box_creation/share/barcode_box_creation/cmake/barcode_box_creationConfig-version.cmake
-- Up-to-date: /home/nitzz/my_warehouse_project/install/barcode_box_creation/share/barcode_box_creation/package.xml
