[0.033s] Invoking command in '/home/nitzz/my_warehouse_project/build/barcode_box_creation': CMAKE_PREFIX_PATH=${CMAKE_PREFIX_PATH}:/home/nitzz/Warehouse_Project/install/my_package:/home/nitzz/Warehouse_Project/install/barcode_box_creation:/home/nitzz/my_warehouse_project/install/warehouse_py_pkg:/home/nitzz/my_warehouse_project/install/pick_and_place_detection:/home/nitzz/my_warehouse_project/install/barcode_stand_reader:/home/nitzz/gazebo_project/install/warehouse_py_pkg:/home/nitzz/ros2_ws/install/webots_ros2_msgs:/opt/ros/humble /usr/bin/cmake --build /home/nitzz/my_warehouse_project/build/barcode_box_creation -- -j16 -l16
[0.622s] Invoked command in '/home/nitzz/my_warehouse_project/build/barcode_box_creation' returned '0': CMAKE_PREFIX_PATH=${CMAKE_PREFIX_PATH}:/home/nitzz/Warehouse_Project/install/my_package:/home/nitzz/Warehouse_Project/install/barcode_box_creation:/home/nitzz/my_warehouse_project/install/warehouse_py_pkg:/home/nitzz/my_warehouse_project/install/pick_and_place_detection:/home/nitzz/my_warehouse_project/install/barcode_stand_reader:/home/nitzz/gazebo_project/install/warehouse_py_pkg:/home/nitzz/ros2_ws/install/webots_ros2_msgs:/opt/ros/humble /usr/bin/cmake --build /home/nitzz/my_warehouse_project/build/barcode_box_creation -- -j16 -l16
[0.651s] Invoking command in '/home/nitzz/my_warehouse_project/build/barcode_box_creation': CMAKE_PREFIX_PATH=${CMAKE_PREFIX_PATH}:/home/nitzz/Warehouse_Project/install/my_package:/home/nitzz/Warehouse_Project/install/barcode_box_creation:/home/nitzz/my_warehouse_project/install/warehouse_py_pkg:/home/nitzz/my_warehouse_project/install/pick_and_place_detection:/home/nitzz/my_warehouse_project/install/barcode_stand_reader:/home/nitzz/gazebo_project/install/warehouse_py_pkg:/home/nitzz/ros2_ws/install/webots_ros2_msgs:/opt/ros/humble /usr/bin/cmake --install /home/nitzz/my_warehouse_project/build/barcode_box_creation
[0.661s] -- Install configuration: ""
[0.661s] -- Up-to-date: /home/nitzz/my_warehouse_project/install/barcode_box_creation/lib/barcode_box_creation/camera_cv2.py
[0.661s] -- Up-to-date: /home/nitzz/my_warehouse_project/install/barcode_box_creation/lib/barcode_box_creation/generate_urdf1.py
[0.662s] -- Up-to-date: /home/nitzz/my_warehouse_project/install/barcode_box_creation/lib/barcode_box_creation/main.py
[0.662s] -- Up-to-date: /home/nitzz/my_warehouse_project/install/barcode_box_creation/lib/barcode_box_creation/prod_box.py
[0.662s] -- Up-to-date: /home/nitzz/my_warehouse_project/install/barcode_box_creation/lib/barcode_box_creation/camera_launch.py
[0.662s] -- Up-to-date: /home/nitzz/my_warehouse_project/install/barcode_box_creation/share/barcode_box_creation//launch
[0.662s] -- Up-to-date: /home/nitzz/my_warehouse_project/install/barcode_box_creation/share/barcode_box_creation//launch/camera_launch.py
[0.662s] -- Up-to-date: /home/nitzz/my_warehouse_project/install/barcode_box_creation/share/barcode_box_creation//barcode_box_creation
[0.662s] -- Up-to-date: /home/nitzz/my_warehouse_project/install/barcode_box_creation/share/barcode_box_creation//barcode_box_creation/__pycache__
[0.662s] -- Up-to-date: /home/nitzz/my_warehouse_project/install/barcode_box_creation/share/barcode_box_creation//barcode_box_creation/__pycache__/prod_box.cpython-310.pyc
[0.662s] -- Up-to-date: /home/nitzz/my_warehouse_project/install/barcode_box_creation/share/barcode_box_creation//barcode_box_creation/__pycache__/generate_urdf1.cpython-310.pyc
[0.662s] -- Up-to-date: /home/nitzz/my_warehouse_project/install/barcode_box_creation/share/barcode_box_creation//barcode_box_creation/models
[0.662s] -- Up-to-date: /home/nitzz/my_warehouse_project/install/barcode_box_creation/share/barcode_box_creation//barcode_box_creation/models/9821091809851
[0.662s] -- Up-to-date: /home/nitzz/my_warehouse_project/install/barcode_box_creation/share/barcode_box_creation//barcode_box_creation/models/9821091809851/materials
[0.662s] -- Up-to-date: /home/nitzz/my_warehouse_project/install/barcode_box_creation/share/barcode_box_creation//barcode_box_creation/models/9821091809851/materials/textures
[0.662s] -- Up-to-date: /home/nitzz/my_warehouse_project/install/barcode_box_creation/share/barcode_box_creation//barcode_box_creation/models/9821091809851/materials/textures/9821091809851.png
[0.662s] -- Up-to-date: /home/nitzz/my_warehouse_project/install/barcode_box_creation/share/barcode_box_creation//barcode_box_creation/models/9821091809851/materials/scripts
[0.662s] -- Up-to-date: /home/nitzz/my_warehouse_project/install/barcode_box_creation/share/barcode_box_creation//barcode_box_creation/models/9821091809851/materials/scripts/9821091809851.material
[0.662s] -- Up-to-date: /home/nitzz/my_warehouse_project/install/barcode_box_creation/share/barcode_box_creation//barcode_box_creation/models/9821091809851/9821091809851.config
[0.662s] -- Up-to-date: /home/nitzz/my_warehouse_project/install/barcode_box_creation/share/barcode_box_creation//barcode_box_creation/models/9821091809851/9821091809851.sdf
[0.662s] -- Up-to-date: /home/nitzz/my_warehouse_project/install/barcode_box_creation/share/barcode_box_creation//barcode_box_creation/models/8575520152138
[0.662s] -- Up-to-date: /home/nitzz/my_warehouse_project/install/barcode_box_creation/share/barcode_box_creation//barcode_box_creation/models/8575520152138/materials
[0.662s] -- Up-to-date: /home/nitzz/my_warehouse_project/install/barcode_box_creation/share/barcode_box_creation//barcode_box_creation/models/8575520152138/materials/textures
[0.662s] -- Up-to-date: /home/nitzz/my_warehouse_project/install/barcode_box_creation/share/barcode_box_creation//barcode_box_creation/models/8575520152138/materials/textures/8575520152138.png
[0.662s] -- Up-to-date: /home/nitzz/my_warehouse_project/install/barcode_box_creation/share/barcode_box_creation//barcode_box_creation/models/8575520152138/materials/scripts
[0.662s] -- Up-to-date: /home/nitzz/my_warehouse_project/install/barcode_box_creation/share/barcode_box_creation//barcode_box_creation/models/8575520152138/materials/scripts/8575520152138.material
[0.662s] -- Up-to-date: /home/nitzz/my_warehouse_project/install/barcode_box_creation/share/barcode_box_creation//barcode_box_creation/models/8575520152138/8575520152138.config
[0.663s] -- Up-to-date: /home/nitzz/my_warehouse_project/install/barcode_box_creation/share/barcode_box_creation//barcode_box_creation/models/8575520152138/8575520152138.sdf
[0.663s] -- Up-to-date: /home/nitzz/my_warehouse_project/install/barcode_box_creation/share/barcode_box_creation//barcode_box_creation/models/1324335372569
[0.663s] -- Up-to-date: /home/nitzz/my_warehouse_project/install/barcode_box_creation/share/barcode_box_creation//barcode_box_creation/models/1324335372569/materials
[0.663s] -- Up-to-date: /home/nitzz/my_warehouse_project/install/barcode_box_creation/share/barcode_box_creation//barcode_box_creation/models/1324335372569/materials/textures
[0.663s] -- Up-to-date: /home/nitzz/my_warehouse_project/install/barcode_box_creation/share/barcode_box_creation//barcode_box_creation/models/1324335372569/materials/textures/1324335372569.png
[0.663s] -- Up-to-date: /home/nitzz/my_warehouse_project/install/barcode_box_creation/share/barcode_box_creation//barcode_box_creation/models/1324335372569/materials/scripts
[0.663s] -- Up-to-date: /home/nitzz/my_warehouse_project/install/barcode_box_creation/share/barcode_box_creation//barcode_box_creation/models/1324335372569/materials/scripts/1324335372569.material
[0.663s] -- Up-to-date: /home/nitzz/my_warehouse_project/install/barcode_box_creation/share/barcode_box_creation//barcode_box_creation/models/1324335372569/1324335372569.config
[0.663s] -- Up-to-date: /home/nitzz/my_warehouse_project/install/barcode_box_creation/share/barcode_box_creation//barcode_box_creation/models/1324335372569/1324335372569.sdf
[0.663s] -- Up-to-date: /home/nitzz/my_warehouse_project/install/barcode_box_creation/share/barcode_box_creation//barcode_box_creation/models/6447659382117
[0.663s] -- Up-to-date: /home/nitzz/my_warehouse_project/install/barcode_box_creation/share/barcode_box_creation//barcode_box_creation/models/6447659382117/6447659382117.config
[0.663s] -- Up-to-date: /home/nitzz/my_warehouse_project/install/barcode_box_creation/share/barcode_box_creation//barcode_box_creation/models/6447659382117/materials
[0.663s] -- Up-to-date: /home/nitzz/my_warehouse_project/install/barcode_box_creation/share/barcode_box_creation//barcode_box_creation/models/6447659382117/materials/textures
[0.663s] -- Up-to-date: /home/nitzz/my_warehouse_project/install/barcode_box_creation/share/barcode_box_creation//barcode_box_creation/models/6447659382117/materials/textures/6447659382117.png
[0.663s] -- Up-to-date: /home/nitzz/my_warehouse_project/install/barcode_box_creation/share/barcode_box_creation//barcode_box_creation/models/6447659382117/materials/scripts
[0.663s] -- Up-to-date: /home/nitzz/my_warehouse_project/install/barcode_box_creation/share/barcode_box_creation//barcode_box_creation/models/6447659382117/materials/scripts/6447659382117.material
[0.663s] -- Up-to-date: /home/nitzz/my_warehouse_project/install/barcode_box_creation/share/barcode_box_creation//barcode_box_creation/models/6447659382117/6447659382117.sdf
[0.663s] -- Up-to-date: /home/nitzz/my_warehouse_project/install/barcode_box_creation/share/barcode_box_creation//barcode_box_creation/models/5934027885625
[0.663s] -- Up-to-date: /home/nitzz/my_warehouse_project/install/barcode_box_creation/share/barcode_box_creation//barcode_box_creation/models/5934027885625/materials
[0.663s] -- Up-to-date: /home/nitzz/my_warehouse_project/install/barcode_box_creation/share/barcode_box_creation//barcode_box_creation/models/5934027885625/materials/textures
[0.664s] -- Up-to-date: /home/nitzz/my_warehouse_project/install/barcode_box_creation/share/barcode_box_creation//barcode_box_creation/models/5934027885625/materials/textures/5934027885625.png
[0.664s] -- Up-to-date: /home/nitzz/my_warehouse_project/install/barcode_box_creation/share/barcode_box_creation//barcode_box_creation/models/5934027885625/materials/scripts
[0.664s] -- Up-to-date: /home/nitzz/my_warehouse_project/install/barcode_box_creation/share/barcode_box_creation//barcode_box_creation/models/5934027885625/materials/scripts/5934027885625.material
[0.664s] -- Up-to-date: /home/nitzz/my_warehouse_project/install/barcode_box_creation/share/barcode_box_creation//barcode_box_creation/models/5934027885625/5934027885625.sdf
[0.664s] -- Up-to-date: /home/nitzz/my_warehouse_project/install/barcode_box_creation/share/barcode_box_creation//barcode_box_creation/models/5934027885625/5934027885625.config
[0.664s] -- Up-to-date: /home/nitzz/my_warehouse_project/install/barcode_box_creation/share/barcode_box_creation//barcode_box_creation/models/7849269835138
[0.664s] -- Up-to-date: /home/nitzz/my_warehouse_project/install/barcode_box_creation/share/barcode_box_creation//barcode_box_creation/models/7849269835138/materials
[0.664s] -- Up-to-date: /home/nitzz/my_warehouse_project/install/barcode_box_creation/share/barcode_box_creation//barcode_box_creation/models/7849269835138/materials/textures
[0.664s] -- Up-to-date: /home/nitzz/my_warehouse_project/install/barcode_box_creation/share/barcode_box_creation//barcode_box_creation/models/7849269835138/materials/textures/7849269835138.png
[0.664s] -- Up-to-date: /home/nitzz/my_warehouse_project/install/barcode_box_creation/share/barcode_box_creation//barcode_box_creation/models/7849269835138/materials/scripts
[0.664s] -- Up-to-date: /home/nitzz/my_warehouse_project/install/barcode_box_creation/share/barcode_box_creation//barcode_box_creation/models/7849269835138/materials/scripts/7849269835138.material
[0.664s] -- Up-to-date: /home/nitzz/my_warehouse_project/install/barcode_box_creation/share/barcode_box_creation//barcode_box_creation/models/7849269835138/7849269835138.config
[0.664s] -- Up-to-date: /home/nitzz/my_warehouse_project/install/barcode_box_creation/share/barcode_box_creation//barcode_box_creation/models/7849269835138/7849269835138.sdf
[0.664s] -- Up-to-date: /home/nitzz/my_warehouse_project/install/barcode_box_creation/share/barcode_box_creation//barcode_box_creation/models/8522057232544
[0.664s] -- Up-to-date: /home/nitzz/my_warehouse_project/install/barcode_box_creation/share/barcode_box_creation//barcode_box_creation/models/8522057232544/materials
[0.664s] -- Up-to-date: /home/nitzz/my_warehouse_project/install/barcode_box_creation/share/barcode_box_creation//barcode_box_creation/models/8522057232544/materials/textures
[0.664s] -- Up-to-date: /home/nitzz/my_warehouse_project/install/barcode_box_creation/share/barcode_box_creation//barcode_box_creation/models/8522057232544/materials/textures/8522057232544.png
[0.664s] -- Up-to-date: /home/nitzz/my_warehouse_project/install/barcode_box_creation/share/barcode_box_creation//barcode_box_creation/models/8522057232544/materials/scripts
[0.664s] -- Up-to-date: /home/nitzz/my_warehouse_project/install/barcode_box_creation/share/barcode_box_creation//barcode_box_creation/models/8522057232544/materials/scripts/8522057232544.material
[0.664s] -- Up-to-date: /home/nitzz/my_warehouse_project/install/barcode_box_creation/share/barcode_box_creation//barcode_box_creation/models/8522057232544/8522057232544.config
[0.664s] -- Up-to-date: /home/nitzz/my_warehouse_project/install/barcode_box_creation/share/barcode_box_creation//barcode_box_creation/models/8522057232544/8522057232544.sdf
[0.664s] -- Up-to-date: /home/nitzz/my_warehouse_project/install/barcode_box_creation/share/barcode_box_creation//barcode_box_creation/models/9286296763993
[0.664s] -- Up-to-date: /home/nitzz/my_warehouse_project/install/barcode_box_creation/share/barcode_box_creation//barcode_box_creation/models/9286296763993/materials
[0.664s] -- Up-to-date: /home/nitzz/my_warehouse_project/install/barcode_box_creation/share/barcode_box_creation//barcode_box_creation/models/9286296763993/materials/textures
[0.664s] -- Up-to-date: /home/nitzz/my_warehouse_project/install/barcode_box_creation/share/barcode_box_creation//barcode_box_creation/models/9286296763993/materials/textures/9286296763993.png
[0.664s] -- Up-to-date: /home/nitzz/my_warehouse_project/install/barcode_box_creation/share/barcode_box_creation//barcode_box_creation/models/9286296763993/materials/scripts
[0.664s] -- Up-to-date: /home/nitzz/my_warehouse_project/install/barcode_box_creation/share/barcode_box_creation//barcode_box_creation/models/9286296763993/materials/scripts/9286296763993.material
[0.665s] -- Up-to-date: /home/nitzz/my_warehouse_project/install/barcode_box_creation/share/barcode_box_creation//barcode_box_creation/models/9286296763993/9286296763993.sdf
[0.665s] -- Up-to-date: /home/nitzz/my_warehouse_project/install/barcode_box_creation/share/barcode_box_creation//barcode_box_creation/models/9286296763993/9286296763993.config
[0.665s] -- Up-to-date: /home/nitzz/my_warehouse_project/install/barcode_box_creation/share/barcode_box_creation//barcode_box_creation/models/3653089861860
[0.665s] -- Up-to-date: /home/nitzz/my_warehouse_project/install/barcode_box_creation/share/barcode_box_creation//barcode_box_creation/models/3653089861860/3653089861860.sdf
[0.665s] -- Up-to-date: /home/nitzz/my_warehouse_project/install/barcode_box_creation/share/barcode_box_creation//barcode_box_creation/models/3653089861860/materials
[0.665s] -- Up-to-date: /home/nitzz/my_warehouse_project/install/barcode_box_creation/share/barcode_box_creation//barcode_box_creation/models/3653089861860/materials/textures
[0.665s] -- Up-to-date: /home/nitzz/my_warehouse_project/install/barcode_box_creation/share/barcode_box_creation//barcode_box_creation/models/3653089861860/materials/textures/3653089861860.png
[0.665s] -- Up-to-date: /home/nitzz/my_warehouse_project/install/barcode_box_creation/share/barcode_box_creation//barcode_box_creation/models/3653089861860/materials/scripts
[0.665s] -- Up-to-date: /home/nitzz/my_warehouse_project/install/barcode_box_creation/share/barcode_box_creation//barcode_box_creation/models/3653089861860/materials/scripts/3653089861860.material
[0.665s] -- Up-to-date: /home/nitzz/my_warehouse_project/install/barcode_box_creation/share/barcode_box_creation//barcode_box_creation/models/3653089861860/3653089861860.config
[0.665s] -- Up-to-date: /home/nitzz/my_warehouse_project/install/barcode_box_creation/share/barcode_box_creation//barcode_box_creation/models/4190009230397
[0.665s] -- Up-to-date: /home/nitzz/my_warehouse_project/install/barcode_box_creation/share/barcode_box_creation//barcode_box_creation/models/4190009230397/4190009230397.sdf
[0.665s] -- Up-to-date: /home/nitzz/my_warehouse_project/install/barcode_box_creation/share/barcode_box_creation//barcode_box_creation/models/4190009230397/materials
[0.665s] -- Up-to-date: /home/nitzz/my_warehouse_project/install/barcode_box_creation/share/barcode_box_creation//barcode_box_creation/models/4190009230397/materials/textures
[0.665s] -- Up-to-date: /home/nitzz/my_warehouse_project/install/barcode_box_creation/share/barcode_box_creation//barcode_box_creation/models/4190009230397/materials/textures/4190009230397.png
[0.665s] -- Up-to-date: /home/nitzz/my_warehouse_project/install/barcode_box_creation/share/barcode_box_creation//barcode_box_creation/models/4190009230397/materials/scripts
[0.665s] -- Up-to-date: /home/nitzz/my_warehouse_project/install/barcode_box_creation/share/barcode_box_creation//barcode_box_creation/models/4190009230397/materials/scripts/4190009230397.material
[0.665s] -- Up-to-date: /home/nitzz/my_warehouse_project/install/barcode_box_creation/share/barcode_box_creation//barcode_box_creation/models/4190009230397/4190009230397.config
[0.665s] -- Up-to-date: /home/nitzz/my_warehouse_project/install/barcode_box_creation/share/barcode_box_creation//barcode_box_creation/__init__.py
[0.665s] -- Up-to-date: /home/nitzz/my_warehouse_project/install/barcode_box_creation/share/barcode_box_creation//barcode_box_creation/inventory_list.csv
[0.665s] -- Up-to-date: /home/nitzz/my_warehouse_project/install/barcode_box_creation/share/barcode_box_creation//barcode_box_creation/prod_box.py
[0.665s] -- Up-to-date: /home/nitzz/my_warehouse_project/install/barcode_box_creation/share/barcode_box_creation//barcode_box_creation/main.py
[0.665s] -- Up-to-date: /home/nitzz/my_warehouse_project/install/barcode_box_creation/share/barcode_box_creation//barcode_box_creation/barcode_product_list.csv
[0.666s] -- Up-to-date: /home/nitzz/my_warehouse_project/install/barcode_box_creation/share/barcode_box_creation//barcode_box_creation/camera_cv2.py
[0.666s] -- Up-to-date: /home/nitzz/my_warehouse_project/install/barcode_box_creation/share/barcode_box_creation//barcode_box_creation/generate_urdf1.py
[0.666s] -- Up-to-date: /home/nitzz/my_warehouse_project/install/barcode_box_creation/share/ament_index/resource_index/package_run_dependencies/barcode_box_creation
[0.666s] -- Up-to-date: /home/nitzz/my_warehouse_project/install/barcode_box_creation/share/ament_index/resource_index/parent_prefix_path/barcode_box_creation
[0.666s] -- Up-to-date: /home/nitzz/my_warehouse_project/install/barcode_box_creation/share/barcode_box_creation/environment/ament_prefix_path.sh
[0.666s] -- Up-to-date: /home/nitzz/my_warehouse_project/install/barcode_box_creation/share/barcode_box_creation/environment/ament_prefix_path.dsv
[0.666s] -- Up-to-date: /home/nitzz/my_warehouse_project/install/barcode_box_creation/share/barcode_box_creation/environment/path.sh
[0.666s] -- Up-to-date: /home/nitzz/my_warehouse_project/install/barcode_box_creation/share/barcode_box_creation/environment/path.dsv
[0.666s] -- Up-to-date: /home/nitzz/my_warehouse_project/install/barcode_box_creation/share/barcode_box_creation/local_setup.bash
[0.666s] -- Up-to-date: /home/nitzz/my_warehouse_project/install/barcode_box_creation/share/barcode_box_creation/local_setup.sh
[0.666s] -- Up-to-date: /home/nitzz/my_warehouse_project/install/barcode_box_creation/share/barcode_box_creation/local_setup.zsh
[0.666s] -- Up-to-date: /home/nitzz/my_warehouse_project/install/barcode_box_creation/share/barcode_box_creation/local_setup.dsv
[0.666s] -- Up-to-date: /home/nitzz/my_warehouse_project/install/barcode_box_creation/share/barcode_box_creation/package.dsv
[0.666s] -- Up-to-date: /home/nitzz/my_warehouse_project/install/barcode_box_creation/share/ament_index/resource_index/packages/barcode_box_creation
[0.666s] -- Up-to-date: /home/nitzz/my_warehouse_project/install/barcode_box_creation/share/barcode_box_creation/cmake/barcode_box_creationConfig.cmake
[0.666s] -- Up-to-date: /home/nitzz/my_warehouse_project/install/barcode_box_creation/share/barcode_box_creation/cmake/barcode_box_creationConfig-version.cmake
[0.666s] -- Up-to-date: /home/nitzz/my_warehouse_project/install/barcode_box_creation/share/barcode_box_creation/package.xml
[0.684s] Invoked command in '/home/nitzz/my_warehouse_project/build/barcode_box_creation' returned '0': CMAKE_PREFIX_PATH=${CMAKE_PREFIX_PATH}:/home/nitzz/Warehouse_Project/install/my_package:/home/nitzz/Warehouse_Project/install/barcode_box_creation:/home/nitzz/my_warehouse_project/install/warehouse_py_pkg:/home/nitzz/my_warehouse_project/install/pick_and_place_detection:/home/nitzz/my_warehouse_project/install/barcode_stand_reader:/home/nitzz/gazebo_project/install/warehouse_py_pkg:/home/nitzz/ros2_ws/install/webots_ros2_msgs:/opt/ros/humble /usr/bin/cmake --install /home/nitzz/my_warehouse_project/build/barcode_box_creation
