[0.033s] Invoking command in '/home/nitzz/my_warehouse_project/build/pick_and_place_description': CMAKE_PREFIX_PATH=${CMAKE_PREFIX_PATH}:/home/nitzz/Warehouse_Project/install/my_package:/home/nitzz/Warehouse_Project/install/barcode_box_creation:/home/nitzz/my_warehouse_project/install/warehouse_py_pkg:/home/nitzz/my_warehouse_project/install/pick_and_place_detection:/home/nitzz/my_warehouse_project/install/barcode_stand_reader:/home/nitzz/gazebo_project/install/warehouse_py_pkg:/home/nitzz/ros2_ws/install/webots_ros2_msgs:/opt/ros/humble /usr/bin/cmake /home/nitzz/my_warehouse_project/src/pick_and_place/pick_and_place_description -DCMAKE_INSTALL_PREFIX=/home/nitzz/my_warehouse_project/install/pick_and_place_description
[0.464s] -- The C compiler identification is GNU 9.5.0
[0.465s] -- The CXX compiler identification is GNU 9.5.0
[0.465s] -- Detecting C compiler ABI info
[0.465s] -- Detecting C compiler ABI info - done
[0.465s] -- Check for working C compiler: /usr/bin/cc - skipped
[0.465s] -- Detecting C compile features
[0.465s] -- Detecting C compile features - done
[0.465s] -- Detecting CXX compiler ABI info
[0.465s] -- Detecting CXX compiler ABI info - done
[0.465s] -- Check for working CXX compiler: /usr/bin/c++ - skipped
[0.465s] -- Detecting CXX compile features
[0.466s] -- Detecting CXX compile features - done
[0.466s] -- Found ament_cmake: 1.3.10 (/opt/ros/humble/share/ament_cmake/cmake)
[0.466s] -- Found Python3: /usr/bin/python3 (found version "3.10.12") found components: Interpreter 
[0.565s] -- Found ament_lint_auto: 0.12.11 (/opt/ros/humble/share/ament_lint_auto/cmake)
[0.636s] -- Added test 'flake8' to check Python code syntax and style conventions
[0.638s] -- Added test 'lint_cmake' to check CMake code style
[0.639s] -- Added test 'pep257' to check Python code against some of the docstring style conventions in PEP 257
[0.641s] -- Added test 'xmllint' to check XML markup files
[0.643s] -- Configuring done
[0.645s] -- Generating done
[0.646s] -- Build files have been written to: /home/nitzz/my_warehouse_project/build/pick_and_place_description
[0.691s] Invoked command in '/home/nitzz/my_warehouse_project/build/pick_and_place_description' returned '0': CMAKE_PREFIX_PATH=${CMAKE_PREFIX_PATH}:/home/nitzz/Warehouse_Project/install/my_package:/home/nitzz/Warehouse_Project/install/barcode_box_creation:/home/nitzz/my_warehouse_project/install/warehouse_py_pkg:/home/nitzz/my_warehouse_project/install/pick_and_place_detection:/home/nitzz/my_warehouse_project/install/barcode_stand_reader:/home/nitzz/gazebo_project/install/warehouse_py_pkg:/home/nitzz/ros2_ws/install/webots_ros2_msgs:/opt/ros/humble /usr/bin/cmake /home/nitzz/my_warehouse_project/src/pick_and_place/pick_and_place_description -DCMAKE_INSTALL_PREFIX=/home/nitzz/my_warehouse_project/install/pick_and_place_description
[0.692s] Invoking command in '/home/nitzz/my_warehouse_project/build/pick_and_place_description': CMAKE_PREFIX_PATH=${CMAKE_PREFIX_PATH}:/home/nitzz/Warehouse_Project/install/my_package:/home/nitzz/Warehouse_Project/install/barcode_box_creation:/home/nitzz/my_warehouse_project/install/warehouse_py_pkg:/home/nitzz/my_warehouse_project/install/pick_and_place_detection:/home/nitzz/my_warehouse_project/install/barcode_stand_reader:/home/nitzz/gazebo_project/install/warehouse_py_pkg:/home/nitzz/ros2_ws/install/webots_ros2_msgs:/opt/ros/humble /usr/bin/cmake --build /home/nitzz/my_warehouse_project/build/pick_and_place_description -- -j16 -l16
[0.723s] Invoked command in '/home/nitzz/my_warehouse_project/build/pick_and_place_description' returned '0': CMAKE_PREFIX_PATH=${CMAKE_PREFIX_PATH}:/home/nitzz/Warehouse_Project/install/my_package:/home/nitzz/Warehouse_Project/install/barcode_box_creation:/home/nitzz/my_warehouse_project/install/warehouse_py_pkg:/home/nitzz/my_warehouse_project/install/pick_and_place_detection:/home/nitzz/my_warehouse_project/install/barcode_stand_reader:/home/nitzz/gazebo_project/install/warehouse_py_pkg:/home/nitzz/ros2_ws/install/webots_ros2_msgs:/opt/ros/humble /usr/bin/cmake --build /home/nitzz/my_warehouse_project/build/pick_and_place_description -- -j16 -l16
[0.746s] Invoking command in '/home/nitzz/my_warehouse_project/build/pick_and_place_description': CMAKE_PREFIX_PATH=${CMAKE_PREFIX_PATH}:/home/nitzz/Warehouse_Project/install/my_package:/home/nitzz/Warehouse_Project/install/barcode_box_creation:/home/nitzz/my_warehouse_project/install/warehouse_py_pkg:/home/nitzz/my_warehouse_project/install/pick_and_place_detection:/home/nitzz/my_warehouse_project/install/barcode_stand_reader:/home/nitzz/gazebo_project/install/warehouse_py_pkg:/home/nitzz/ros2_ws/install/webots_ros2_msgs:/opt/ros/humble /usr/bin/cmake --install /home/nitzz/my_warehouse_project/build/pick_and_place_description
[0.756s] -- Install configuration: ""
[0.756s] -- Installing: /home/nitzz/my_warehouse_project/install/pick_and_place_description/share/pick_and_place_description/urdf
[0.756s] -- Installing: /home/nitzz/my_warehouse_project/install/pick_and_place_description/share/pick_and_place_description/urdf/cardboard_box
[0.757s] -- Installing: /home/nitzz/my_warehouse_project/install/pick_and_place_description/share/pick_and_place_description/urdf/cardboard_box/materials
[0.757s] -- Installing: /home/nitzz/my_warehouse_project/install/pick_and_place_description/share/pick_and_place_description/urdf/cardboard_box/materials/textures
[0.757s] -- Installing: /home/nitzz/my_warehouse_project/install/pick_and_place_description/share/pick_and_place_description/urdf/cardboard_box/materials/textures/cardboard_box.png
[0.758s] -- Installing: /home/nitzz/my_warehouse_project/install/pick_and_place_description/share/pick_and_place_description/urdf/cardboard_box/meshes
[0.758s] -- Installing: /home/nitzz/my_warehouse_project/install/pick_and_place_description/share/pick_and_place_description/urdf/cardboard_box/meshes/cardboard_box.dae
[0.758s] -- Installing: /home/nitzz/my_warehouse_project/install/pick_and_place_description/share/pick_and_place_description/urdf/cardboard_box/model.sdf
[0.758s] -- Installing: /home/nitzz/my_warehouse_project/install/pick_and_place_description/share/pick_and_place_description/urdf/cardboard_box/model.config
[0.758s] -- Installing: /home/nitzz/my_warehouse_project/install/pick_and_place_description/share/pick_and_place_description/urdf/robot_arm.xacro
[0.758s] -- Installing: /home/nitzz/my_warehouse_project/install/pick_and_place_description/share/pick_and_place_description/meshes
[0.758s] -- Installing: /home/nitzz/my_warehouse_project/install/pick_and_place_description/share/pick_and_place_description/meshes/bicep.stl
[0.760s] -- Installing: /home/nitzz/my_warehouse_project/install/pick_and_place_description/share/pick_and_place_description/meshes/wrist.stl
[0.760s] -- Installing: /home/nitzz/my_warehouse_project/install/pick_and_place_description/share/pick_and_place_description/meshes/arm_base.stl
[0.760s] -- Installing: /home/nitzz/my_warehouse_project/install/pick_and_place_description/share/pick_and_place_description/meshes/elbow.stl
[0.760s] -- Installing: /home/nitzz/my_warehouse_project/install/pick_and_place_description/share/pick_and_place_description/rviz
[0.760s] -- Installing: /home/nitzz/my_warehouse_project/install/pick_and_place_description/share/pick_and_place_description/rviz/visualize_robot.rviz
[0.760s] -- Installing: /home/nitzz/my_warehouse_project/install/pick_and_place_description/share/pick_and_place_description/launch
[0.760s] -- Installing: /home/nitzz/my_warehouse_project/install/pick_and_place_description/share/pick_and_place_description/launch/start_ignition.launch.py
[0.760s] -- Installing: /home/nitzz/my_warehouse_project/install/pick_and_place_description/share/pick_and_place_description/launch/visualize_robot.launch.py
[0.761s] -- Installing: /home/nitzz/my_warehouse_project/install/pick_and_place_description/share/pick_and_place_description/launch/start_control.launch.py
[0.761s] -- Installing: /home/nitzz/my_warehouse_project/install/pick_and_place_description/share/pick_and_place_description/launch/start_gazebo.launch.py
[0.761s] -- Installing: /home/nitzz/my_warehouse_project/install/pick_and_place_description/share/pick_and_place_description/config
[0.761s] -- Installing: /home/nitzz/my_warehouse_project/install/pick_and_place_description/share/pick_and_place_description/config/robot_controller.yaml
[0.761s] -- Installing: /home/nitzz/my_warehouse_project/install/pick_and_place_description/share/ament_index/resource_index/package_run_dependencies/pick_and_place_description
[0.761s] -- Installing: /home/nitzz/my_warehouse_project/install/pick_and_place_description/share/ament_index/resource_index/parent_prefix_path/pick_and_place_description
[0.761s] -- Installing: /home/nitzz/my_warehouse_project/install/pick_and_place_description/share/pick_and_place_description/environment/ament_prefix_path.sh
[0.761s] -- Installing: /home/nitzz/my_warehouse_project/install/pick_and_place_description/share/pick_and_place_description/environment/ament_prefix_path.dsv
[0.761s] -- Installing: /home/nitzz/my_warehouse_project/install/pick_and_place_description/share/pick_and_place_description/environment/path.sh
[0.761s] -- Installing: /home/nitzz/my_warehouse_project/install/pick_and_place_description/share/pick_and_place_description/environment/path.dsv
[0.761s] -- Installing: /home/nitzz/my_warehouse_project/install/pick_and_place_description/share/pick_and_place_description/local_setup.bash
[0.761s] -- Installing: /home/nitzz/my_warehouse_project/install/pick_and_place_description/share/pick_and_place_description/local_setup.sh
[0.761s] -- Installing: /home/nitzz/my_warehouse_project/install/pick_and_place_description/share/pick_and_place_description/local_setup.zsh
[0.762s] -- Installing: /home/nitzz/my_warehouse_project/install/pick_and_place_description/share/pick_and_place_description/local_setup.dsv
[0.762s] -- Installing: /home/nitzz/my_warehouse_project/install/pick_and_place_description/share/pick_and_place_description/package.dsv
[0.762s] -- Installing: /home/nitzz/my_warehouse_project/install/pick_and_place_description/share/ament_index/resource_index/packages/pick_and_place_description
[0.762s] -- Installing: /home/nitzz/my_warehouse_project/install/pick_and_place_description/share/pick_and_place_description/cmake/pick_and_place_descriptionConfig.cmake
[0.762s] -- Installing: /home/nitzz/my_warehouse_project/install/pick_and_place_description/share/pick_and_place_description/cmake/pick_and_place_descriptionConfig-version.cmake
[0.762s] -- Installing: /home/nitzz/my_warehouse_project/install/pick_and_place_description/share/pick_and_place_description/package.xml
[0.770s] Invoked command in '/home/nitzz/my_warehouse_project/build/pick_and_place_description' returned '0': CMAKE_PREFIX_PATH=${CMAKE_PREFIX_PATH}:/home/nitzz/Warehouse_Project/install/my_package:/home/nitzz/Warehouse_Project/install/barcode_box_creation:/home/nitzz/my_warehouse_project/install/warehouse_py_pkg:/home/nitzz/my_warehouse_project/install/pick_and_place_detection:/home/nitzz/my_warehouse_project/install/barcode_stand_reader:/home/nitzz/gazebo_project/install/warehouse_py_pkg:/home/nitzz/ros2_ws/install/webots_ros2_msgs:/opt/ros/humble /usr/bin/cmake --install /home/nitzz/my_warehouse_project/build/pick_and_place_description
