-- Install configuration: ""
-- Up-to-date: /home/nitzz/my_warehouse_project/install/pick_and_place_description/share/pick_and_place_description/urdf
-- Up-to-date: /home/nitzz/my_warehouse_project/install/pick_and_place_description/share/pick_and_place_description/urdf/cardboard_box
-- Up-to-date: /home/nitzz/my_warehouse_project/install/pick_and_place_description/share/pick_and_place_description/urdf/cardboard_box/materials
-- Up-to-date: /home/nitzz/my_warehouse_project/install/pick_and_place_description/share/pick_and_place_description/urdf/cardboard_box/materials/textures
-- Up-to-date: /home/nitzz/my_warehouse_project/install/pick_and_place_description/share/pick_and_place_description/urdf/cardboard_box/materials/textures/cardboard_box.png
-- Up-to-date: /home/nitzz/my_warehouse_project/install/pick_and_place_description/share/pick_and_place_description/urdf/cardboard_box/meshes
-- Up-to-date: /home/nitzz/my_warehouse_project/install/pick_and_place_description/share/pick_and_place_description/urdf/cardboard_box/meshes/cardboard_box.dae
-- Up-to-date: /home/nitzz/my_warehouse_project/install/pick_and_place_description/share/pick_and_place_description/urdf/cardboard_box/model.sdf
-- Up-to-date: /home/nitzz/my_warehouse_project/install/pick_and_place_description/share/pick_and_place_description/urdf/cardboard_box/model.config
-- Up-to-date: /home/nitzz/my_warehouse_project/install/pick_and_place_description/share/pick_and_place_description/urdf/robot_arm.xacro
-- Up-to-date: /home/nitzz/my_warehouse_project/install/pick_and_place_description/share/pick_and_place_description/meshes
-- Up-to-date: /home/nitzz/my_warehouse_project/install/pick_and_place_description/share/pick_and_place_description/meshes/bicep.stl
-- Up-to-date: /home/nitzz/my_warehouse_project/install/pick_and_place_description/share/pick_and_place_description/meshes/wrist.stl
-- Up-to-date: /home/nitzz/my_warehouse_project/install/pick_and_place_description/share/pick_and_place_description/meshes/arm_base.stl
-- Up-to-date: /home/nitzz/my_warehouse_project/install/pick_and_place_description/share/pick_and_place_description/meshes/elbow.stl
-- Up-to-date: /home/nitzz/my_warehouse_project/install/pick_and_place_description/share/pick_and_place_description/rviz
-- Up-to-date: /home/nitzz/my_warehouse_project/install/pick_and_place_description/share/pick_and_place_description/rviz/visualize_robot.rviz
-- Up-to-date: /home/nitzz/my_warehouse_project/install/pick_and_place_description/share/pick_and_place_description/launch
-- Up-to-date: /home/nitzz/my_warehouse_project/install/pick_and_place_description/share/pick_and_place_description/launch/start_ignition.launch.py
-- Up-to-date: /home/nitzz/my_warehouse_project/install/pick_and_place_description/share/pick_and_place_description/launch/visualize_robot.launch.py
-- Up-to-date: /home/nitzz/my_warehouse_project/install/pick_and_place_description/share/pick_and_place_description/launch/start_control.launch.py
-- Up-to-date: /home/nitzz/my_warehouse_project/install/pick_and_place_description/share/pick_and_place_description/launch/start_gazebo.launch.py
-- Up-to-date: /home/nitzz/my_warehouse_project/install/pick_and_place_description/share/pick_and_place_description/config
-- Up-to-date: /home/nitzz/my_warehouse_project/install/pick_and_place_description/share/pick_and_place_description/config/robot_controller.yaml
-- Up-to-date: /home/nitzz/my_warehouse_project/install/pick_and_place_description/share/ament_index/resource_index/package_run_dependencies/pick_and_place_description
-- Up-to-date: /home/nitzz/my_warehouse_project/install/pick_and_place_description/share/ament_index/resource_index/parent_prefix_path/pick_and_place_description
-- Up-to-date: /home/nitzz/my_warehouse_project/install/pick_and_place_description/share/pick_and_place_description/environment/ament_prefix_path.sh
-- Up-to-date: /home/nitzz/my_warehouse_project/install/pick_and_place_description/share/pick_and_place_description/environment/ament_prefix_path.dsv
-- Up-to-date: /home/nitzz/my_warehouse_project/install/pick_and_place_description/share/pick_and_place_description/environment/path.sh
-- Up-to-date: /home/nitzz/my_warehouse_project/install/pick_and_place_description/share/pick_and_place_description/environment/path.dsv
-- Up-to-date: /home/nitzz/my_warehouse_project/install/pick_and_place_description/share/pick_and_place_description/local_setup.bash
-- Up-to-date: /home/nitzz/my_warehouse_project/install/pick_and_place_description/share/pick_and_place_description/local_setup.sh
-- Up-to-date: /home/nitzz/my_warehouse_project/install/pick_and_place_description/share/pick_and_place_description/local_setup.zsh
-- Up-to-date: /home/nitzz/my_warehouse_project/install/pick_and_place_description/share/pick_and_place_description/local_setup.dsv
-- Up-to-date: /home/nitzz/my_warehouse_project/install/pick_and_place_description/share/pick_and_place_description/package.dsv
-- Up-to-date: /home/nitzz/my_warehouse_project/install/pick_and_place_description/share/ament_index/resource_index/packages/pick_and_place_description
-- Up-to-date: /home/nitzz/my_warehouse_project/install/pick_and_place_description/share/pick_and_place_description/cmake/pick_and_place_descriptionConfig.cmake
-- Up-to-date: /home/nitzz/my_warehouse_project/install/pick_and_place_description/share/pick_and_place_description/cmake/pick_and_place_descriptionConfig-version.cmake
-- Up-to-date: /home/nitzz/my_warehouse_project/install/pick_and_place_description/share/pick_and_place_description/package.xml
