[0.037s] Invoking command in '/home/nitzz/my_warehouse_project/build/pick_and_place_description': CMAKE_PREFIX_PATH=${CMAKE_PREFIX_PATH}:/home/nitzz/Warehouse_Project/install/my_package:/home/nitzz/Warehouse_Project/install/barcode_box_creation:/home/nitzz/my_warehouse_project/install/warehouse_py_pkg:/home/nitzz/my_warehouse_project/install/pick_and_place_detection:/home/nitzz/my_warehouse_project/install/barcode_stand_reader:/home/nitzz/gazebo_project/install/warehouse_py_pkg:/home/nitzz/ros2_ws/install/webots_ros2_msgs:/opt/ros/humble /usr/bin/cmake --build /home/nitzz/my_warehouse_project/build/pick_and_place_description -- -j16 -l16
[0.629s] Invoked command in '/home/nitzz/my_warehouse_project/build/pick_and_place_description' returned '0': CMAKE_PREFIX_PATH=${CMAKE_PREFIX_PATH}:/home/nitzz/Warehouse_Project/install/my_package:/home/nitzz/Warehouse_Project/install/barcode_box_creation:/home/nitzz/my_warehouse_project/install/warehouse_py_pkg:/home/nitzz/my_warehouse_project/install/pick_and_place_detection:/home/nitzz/my_warehouse_project/install/barcode_stand_reader:/home/nitzz/gazebo_project/install/warehouse_py_pkg:/home/nitzz/ros2_ws/install/webots_ros2_msgs:/opt/ros/humble /usr/bin/cmake --build /home/nitzz/my_warehouse_project/build/pick_and_place_description -- -j16 -l16
[0.653s] Invoking command in '/home/nitzz/my_warehouse_project/build/pick_and_place_description': CMAKE_PREFIX_PATH=${CMAKE_PREFIX_PATH}:/home/nitzz/Warehouse_Project/install/my_package:/home/nitzz/Warehouse_Project/install/barcode_box_creation:/home/nitzz/my_warehouse_project/install/warehouse_py_pkg:/home/nitzz/my_warehouse_project/install/pick_and_place_detection:/home/nitzz/my_warehouse_project/install/barcode_stand_reader:/home/nitzz/gazebo_project/install/warehouse_py_pkg:/home/nitzz/ros2_ws/install/webots_ros2_msgs:/opt/ros/humble /usr/bin/cmake --install /home/nitzz/my_warehouse_project/build/pick_and_place_description
[0.661s] -- Install configuration: ""
[0.662s] -- Up-to-date: /home/nitzz/my_warehouse_project/install/pick_and_place_description/share/pick_and_place_description/urdf
[0.663s] -- Up-to-date: /home/nitzz/my_warehouse_project/install/pick_and_place_description/share/pick_and_place_description/urdf/cardboard_box
[0.663s] -- Up-to-date: /home/nitzz/my_warehouse_project/install/pick_and_place_description/share/pick_and_place_description/urdf/cardboard_box/materials
[0.663s] -- Up-to-date: /home/nitzz/my_warehouse_project/install/pick_and_place_description/share/pick_and_place_description/urdf/cardboard_box/materials/textures
[0.663s] -- Up-to-date: /home/nitzz/my_warehouse_project/install/pick_and_place_description/share/pick_and_place_description/urdf/cardboard_box/materials/textures/cardboard_box.png
[0.663s] -- Up-to-date: /home/nitzz/my_warehouse_project/install/pick_and_place_description/share/pick_and_place_description/urdf/cardboard_box/meshes
[0.664s] -- Up-to-date: /home/nitzz/my_warehouse_project/install/pick_and_place_description/share/pick_and_place_description/urdf/cardboard_box/meshes/cardboard_box.dae
[0.664s] -- Up-to-date: /home/nitzz/my_warehouse_project/install/pick_and_place_description/share/pick_and_place_description/urdf/cardboard_box/model.sdf
[0.664s] -- Up-to-date: /home/nitzz/my_warehouse_project/install/pick_and_place_description/share/pick_and_place_description/urdf/cardboard_box/model.config
[0.664s] -- Up-to-date: /home/nitzz/my_warehouse_project/install/pick_and_place_description/share/pick_and_place_description/urdf/robot_arm.xacro
[0.664s] -- Up-to-date: /home/nitzz/my_warehouse_project/install/pick_and_place_description/share/pick_and_place_description/meshes
[0.664s] -- Up-to-date: /home/nitzz/my_warehouse_project/install/pick_and_place_description/share/pick_and_place_description/meshes/bicep.stl
[0.664s] -- Up-to-date: /home/nitzz/my_warehouse_project/install/pick_and_place_description/share/pick_and_place_description/meshes/wrist.stl
[0.664s] -- Up-to-date: /home/nitzz/my_warehouse_project/install/pick_and_place_description/share/pick_and_place_description/meshes/arm_base.stl
[0.664s] -- Up-to-date: /home/nitzz/my_warehouse_project/install/pick_and_place_description/share/pick_and_place_description/meshes/elbow.stl
[0.664s] -- Up-to-date: /home/nitzz/my_warehouse_project/install/pick_and_place_description/share/pick_and_place_description/rviz
[0.664s] -- Up-to-date: /home/nitzz/my_warehouse_project/install/pick_and_place_description/share/pick_and_place_description/rviz/visualize_robot.rviz
[0.664s] -- Up-to-date: /home/nitzz/my_warehouse_project/install/pick_and_place_description/share/pick_and_place_description/launch
[0.664s] -- Up-to-date: /home/nitzz/my_warehouse_project/install/pick_and_place_description/share/pick_and_place_description/launch/start_ignition.launch.py
[0.664s] -- Up-to-date: /home/nitzz/my_warehouse_project/install/pick_and_place_description/share/pick_and_place_description/launch/visualize_robot.launch.py
[0.664s] -- Up-to-date: /home/nitzz/my_warehouse_project/install/pick_and_place_description/share/pick_and_place_description/launch/start_control.launch.py
[0.664s] -- Up-to-date: /home/nitzz/my_warehouse_project/install/pick_and_place_description/share/pick_and_place_description/launch/start_gazebo.launch.py
[0.664s] -- Up-to-date: /home/nitzz/my_warehouse_project/install/pick_and_place_description/share/pick_and_place_description/config
[0.664s] -- Up-to-date: /home/nitzz/my_warehouse_project/install/pick_and_place_description/share/pick_and_place_description/config/robot_controller.yaml
[0.664s] -- Up-to-date: /home/nitzz/my_warehouse_project/install/pick_and_place_description/share/ament_index/resource_index/package_run_dependencies/pick_and_place_description
[0.665s] -- Up-to-date: /home/nitzz/my_warehouse_project/install/pick_and_place_description/share/ament_index/resource_index/parent_prefix_path/pick_and_place_description
[0.665s] -- Up-to-date: /home/nitzz/my_warehouse_project/install/pick_and_place_description/share/pick_and_place_description/environment/ament_prefix_path.sh
[0.665s] -- Up-to-date: /home/nitzz/my_warehouse_project/install/pick_and_place_description/share/pick_and_place_description/environment/ament_prefix_path.dsv
[0.665s] -- Up-to-date: /home/nitzz/my_warehouse_project/install/pick_and_place_description/share/pick_and_place_description/environment/path.sh
[0.665s] -- Up-to-date: /home/nitzz/my_warehouse_project/install/pick_and_place_description/share/pick_and_place_description/environment/path.dsv
[0.665s] -- Up-to-date: /home/nitzz/my_warehouse_project/install/pick_and_place_description/share/pick_and_place_description/local_setup.bash
[0.665s] -- Up-to-date: /home/nitzz/my_warehouse_project/install/pick_and_place_description/share/pick_and_place_description/local_setup.sh
[0.665s] -- Up-to-date: /home/nitzz/my_warehouse_project/install/pick_and_place_description/share/pick_and_place_description/local_setup.zsh
[0.665s] -- Up-to-date: /home/nitzz/my_warehouse_project/install/pick_and_place_description/share/pick_and_place_description/local_setup.dsv
[0.665s] -- Up-to-date: /home/nitzz/my_warehouse_project/install/pick_and_place_description/share/pick_and_place_description/package.dsv
[0.665s] -- Up-to-date: /home/nitzz/my_warehouse_project/install/pick_and_place_description/share/ament_index/resource_index/packages/pick_and_place_description
[0.667s] -- Up-to-date: /home/nitzz/my_warehouse_project/install/pick_and_place_description/share/pick_and_place_description/cmake/pick_and_place_descriptionConfig.cmake
[0.667s] -- Up-to-date: /home/nitzz/my_warehouse_project/install/pick_and_place_description/share/pick_and_place_description/cmake/pick_and_place_descriptionConfig-version.cmake
[0.668s] -- Up-to-date: /home/nitzz/my_warehouse_project/install/pick_and_place_description/share/pick_and_place_description/package.xml
[0.679s] Invoked command in '/home/nitzz/my_warehouse_project/build/pick_and_place_description' returned '0': CMAKE_PREFIX_PATH=${CMAKE_PREFIX_PATH}:/home/nitzz/Warehouse_Project/install/my_package:/home/nitzz/Warehouse_Project/install/barcode_box_creation:/home/nitzz/my_warehouse_project/install/warehouse_py_pkg:/home/nitzz/my_warehouse_project/install/pick_and_place_detection:/home/nitzz/my_warehouse_project/install/barcode_stand_reader:/home/nitzz/gazebo_project/install/warehouse_py_pkg:/home/nitzz/ros2_ws/install/webots_ros2_msgs:/opt/ros/humble /usr/bin/cmake --install /home/nitzz/my_warehouse_project/build/pick_and_place_description
