-- Install configuration: ""
-- Up-to-date: /home/nitzz/my_warehouse_project/install/pick_and_place_moveit_config/share/pick_and_place_moveit_config/config
-- Up-to-date: /home/nitzz/my_warehouse_project/install/pick_and_place_moveit_config/share/pick_and_place_moveit_config/config/joint_limits.yaml
-- Up-to-date: /home/nitzz/my_warehouse_project/install/pick_and_place_moveit_config/share/pick_and_place_moveit_config/config/chomp_planning.yaml
-- Up-to-date: /home/nitzz/my_warehouse_project/install/pick_and_place_moveit_config/share/pick_and_place_moveit_config/config/controllers.yaml
-- Up-to-date: /home/nitzz/my_warehouse_project/install/pick_and_place_moveit_config/share/pick_and_place_moveit_config/config/ompl_planning.yaml
-- Up-to-date: /home/nitzz/my_warehouse_project/install/pick_and_place_moveit_config/share/pick_and_place_moveit_config/config/kinematics.yaml
-- Up-to-date: /home/nitzz/my_warehouse_project/install/pick_and_place_moveit_config/share/pick_and_place_moveit_config/launch
-- Up-to-date: /home/nitzz/my_warehouse_project/install/pick_and_place_moveit_config/share/pick_and_place_moveit_config/launch/start_moveit.launch.py
-- Up-to-date: /home/nitzz/my_warehouse_project/install/pick_and_place_moveit_config/share/pick_and_place_moveit_config/rviz
-- Up-to-date: /home/nitzz/my_warehouse_project/install/pick_and_place_moveit_config/share/pick_and_place_moveit_config/rviz/view_robot.rviz
-- Up-to-date: /home/nitzz/my_warehouse_project/install/pick_and_place_moveit_config/share/pick_and_place_moveit_config/srdf
-- Up-to-date: /home/nitzz/my_warehouse_project/install/pick_and_place_moveit_config/share/pick_and_place_moveit_config/srdf/robot_arm.srdf
-- Up-to-date: /home/nitzz/my_warehouse_project/install/pick_and_place_moveit_config/share/ament_index/resource_index/package_run_dependencies/pick_and_place_moveit_config
-- Up-to-date: /home/nitzz/my_warehouse_project/install/pick_and_place_moveit_config/share/ament_index/resource_index/parent_prefix_path/pick_and_place_moveit_config
-- Up-to-date: /home/nitzz/my_warehouse_project/install/pick_and_place_moveit_config/share/pick_and_place_moveit_config/environment/ament_prefix_path.sh
-- Up-to-date: /home/nitzz/my_warehouse_project/install/pick_and_place_moveit_config/share/pick_and_place_moveit_config/environment/ament_prefix_path.dsv
-- Up-to-date: /home/nitzz/my_warehouse_project/install/pick_and_place_moveit_config/share/pick_and_place_moveit_config/environment/path.sh
-- Up-to-date: /home/nitzz/my_warehouse_project/install/pick_and_place_moveit_config/share/pick_and_place_moveit_config/environment/path.dsv
-- Up-to-date: /home/nitzz/my_warehouse_project/install/pick_and_place_moveit_config/share/pick_and_place_moveit_config/local_setup.bash
-- Up-to-date: /home/nitzz/my_warehouse_project/install/pick_and_place_moveit_config/share/pick_and_place_moveit_config/local_setup.sh
-- Up-to-date: /home/nitzz/my_warehouse_project/install/pick_and_place_moveit_config/share/pick_and_place_moveit_config/local_setup.zsh
-- Up-to-date: /home/nitzz/my_warehouse_project/install/pick_and_place_moveit_config/share/pick_and_place_moveit_config/local_setup.dsv
-- Up-to-date: /home/nitzz/my_warehouse_project/install/pick_and_place_moveit_config/share/pick_and_place_moveit_config/package.dsv
-- Up-to-date: /home/nitzz/my_warehouse_project/install/pick_and_place_moveit_config/share/ament_index/resource_index/packages/pick_and_place_moveit_config
-- Up-to-date: /home/nitzz/my_warehouse_project/install/pick_and_place_moveit_config/share/pick_and_place_moveit_config/cmake/pick_and_place_moveit_configConfig.cmake
-- Up-to-date: /home/nitzz/my_warehouse_project/install/pick_and_place_moveit_config/share/pick_and_place_moveit_config/cmake/pick_and_place_moveit_configConfig-version.cmake
-- Up-to-date: /home/nitzz/my_warehouse_project/install/pick_and_place_moveit_config/share/pick_and_place_moveit_config/package.xml
