-- Install configuration: ""
-- Up-to-date: /home/nitzz/my_warehouse_project/install/warehouse_camera/share/warehouse_camera/urdf
-- Up-to-date: /home/nitzz/my_warehouse_project/install/warehouse_camera/share/warehouse_camera/urdf/camera copy.xacro
-- Up-to-date: /home/nitzz/my_warehouse_project/install/warehouse_camera/share/warehouse_camera/urdf/camera_stand.urdf.xacro
-- Up-to-date: /home/nitzz/my_warehouse_project/install/warehouse_camera/share/warehouse_camera/urdf/common_properties1.xacro
-- Up-to-date: /home/nitzz/my_warehouse_project/install/warehouse_camera/share/warehouse_camera/urdf/box_model_0.sdf
-- Up-to-date: /home/nitzz/my_warehouse_project/install/warehouse_camera/share/warehouse_camera/urdf/camera_stand_gazebo.xacro
-- Up-to-date: /home/nitzz/my_warehouse_project/install/warehouse_camera/share/warehouse_camera/urdf/common_properties1 (copy).xacro
-- Up-to-date: /home/nitzz/my_warehouse_project/install/warehouse_camera/share/warehouse_camera/urdf/camera_setup.urdf.xacro
-- Up-to-date: /home/nitzz/my_warehouse_project/install/warehouse_camera/share/warehouse_camera/urdf/camera.xacro
-- Up-to-date: /home/nitzz/my_warehouse_project/install/warehouse_camera/share/warehouse_camera/rviz
-- Up-to-date: /home/nitzz/my_warehouse_project/install/warehouse_camera/share/warehouse_camera/rviz/urdf_config.rviz
-- Up-to-date: /home/nitzz/my_warehouse_project/install/warehouse_camera/share/ament_index/resource_index/package_run_dependencies/warehouse_camera
-- Up-to-date: /home/nitzz/my_warehouse_project/install/warehouse_camera/share/ament_index/resource_index/parent_prefix_path/warehouse_camera
-- Up-to-date: /home/nitzz/my_warehouse_project/install/warehouse_camera/share/warehouse_camera/environment/ament_prefix_path.sh
-- Up-to-date: /home/nitzz/my_warehouse_project/install/warehouse_camera/share/warehouse_camera/environment/ament_prefix_path.dsv
-- Up-to-date: /home/nitzz/my_warehouse_project/install/warehouse_camera/share/warehouse_camera/environment/path.sh
-- Up-to-date: /home/nitzz/my_warehouse_project/install/warehouse_camera/share/warehouse_camera/environment/path.dsv
-- Up-to-date: /home/nitzz/my_warehouse_project/install/warehouse_camera/share/warehouse_camera/local_setup.bash
-- Up-to-date: /home/nitzz/my_warehouse_project/install/warehouse_camera/share/warehouse_camera/local_setup.sh
-- Up-to-date: /home/nitzz/my_warehouse_project/install/warehouse_camera/share/warehouse_camera/local_setup.zsh
-- Up-to-date: /home/nitzz/my_warehouse_project/install/warehouse_camera/share/warehouse_camera/local_setup.dsv
-- Up-to-date: /home/nitzz/my_warehouse_project/install/warehouse_camera/share/warehouse_camera/package.dsv
-- Up-to-date: /home/nitzz/my_warehouse_project/install/warehouse_camera/share/ament_index/resource_index/packages/warehouse_camera
-- Up-to-date: /home/nitzz/my_warehouse_project/install/warehouse_camera/share/warehouse_camera/cmake/warehouse_cameraConfig.cmake
-- Up-to-date: /home/nitzz/my_warehouse_project/install/warehouse_camera/share/warehouse_camera/cmake/warehouse_cameraConfig-version.cmake
-- Up-to-date: /home/nitzz/my_warehouse_project/install/warehouse_camera/share/warehouse_camera/package.xml
