[0.035s] Invoking command in '/home/nitzz/my_warehouse_project/build/warehouse_camera': CMAKE_PREFIX_PATH=${CMAKE_PREFIX_PATH}:/home/nitzz/Warehouse_Project/install/my_package:/home/nitzz/Warehouse_Project/install/barcode_box_creation:/home/nitzz/my_warehouse_project/install/warehouse_py_pkg:/home/nitzz/my_warehouse_project/install/pick_and_place_detection:/home/nitzz/my_warehouse_project/install/barcode_stand_reader:/home/nitzz/gazebo_project/install/warehouse_py_pkg:/home/nitzz/ros2_ws/install/webots_ros2_msgs:/opt/ros/humble /usr/bin/cmake --build /home/nitzz/my_warehouse_project/build/warehouse_camera -- -j16 -l16
[0.625s] Invoked command in '/home/nitzz/my_warehouse_project/build/warehouse_camera' returned '0': CMAKE_PREFIX_PATH=${CMAKE_PREFIX_PATH}:/home/nitzz/Warehouse_Project/install/my_package:/home/nitzz/Warehouse_Project/install/barcode_box_creation:/home/nitzz/my_warehouse_project/install/warehouse_py_pkg:/home/nitzz/my_warehouse_project/install/pick_and_place_detection:/home/nitzz/my_warehouse_project/install/barcode_stand_reader:/home/nitzz/gazebo_project/install/warehouse_py_pkg:/home/nitzz/ros2_ws/install/webots_ros2_msgs:/opt/ros/humble /usr/bin/cmake --build /home/nitzz/my_warehouse_project/build/warehouse_camera -- -j16 -l16
[0.652s] Invoking command in '/home/nitzz/my_warehouse_project/build/warehouse_camera': CMAKE_PREFIX_PATH=${CMAKE_PREFIX_PATH}:/home/nitzz/Warehouse_Project/install/my_package:/home/nitzz/Warehouse_Project/install/barcode_box_creation:/home/nitzz/my_warehouse_project/install/warehouse_py_pkg:/home/nitzz/my_warehouse_project/install/pick_and_place_detection:/home/nitzz/my_warehouse_project/install/barcode_stand_reader:/home/nitzz/gazebo_project/install/warehouse_py_pkg:/home/nitzz/ros2_ws/install/webots_ros2_msgs:/opt/ros/humble /usr/bin/cmake --install /home/nitzz/my_warehouse_project/build/warehouse_camera
[0.661s] -- Install configuration: ""
[0.661s] -- Up-to-date: /home/nitzz/my_warehouse_project/install/warehouse_camera/share/warehouse_camera/urdf
[0.661s] -- Up-to-date: /home/nitzz/my_warehouse_project/install/warehouse_camera/share/warehouse_camera/urdf/camera copy.xacro
[0.662s] -- Up-to-date: /home/nitzz/my_warehouse_project/install/warehouse_camera/share/warehouse_camera/urdf/camera_stand.urdf.xacro
[0.662s] -- Up-to-date: /home/nitzz/my_warehouse_project/install/warehouse_camera/share/warehouse_camera/urdf/common_properties1.xacro
[0.662s] -- Up-to-date: /home/nitzz/my_warehouse_project/install/warehouse_camera/share/warehouse_camera/urdf/box_model_0.sdf
[0.662s] -- Up-to-date: /home/nitzz/my_warehouse_project/install/warehouse_camera/share/warehouse_camera/urdf/camera_stand_gazebo.xacro
[0.662s] -- Up-to-date: /home/nitzz/my_warehouse_project/install/warehouse_camera/share/warehouse_camera/urdf/common_properties1 (copy).xacro
[0.662s] -- Up-to-date: /home/nitzz/my_warehouse_project/install/warehouse_camera/share/warehouse_camera/urdf/camera_setup.urdf.xacro
[0.662s] -- Up-to-date: /home/nitzz/my_warehouse_project/install/warehouse_camera/share/warehouse_camera/urdf/camera.xacro
[0.662s] -- Up-to-date: /home/nitzz/my_warehouse_project/install/warehouse_camera/share/warehouse_camera/rviz
[0.662s] -- Up-to-date: /home/nitzz/my_warehouse_project/install/warehouse_camera/share/warehouse_camera/rviz/urdf_config.rviz
[0.662s] -- Up-to-date: /home/nitzz/my_warehouse_project/install/warehouse_camera/share/ament_index/resource_index/package_run_dependencies/warehouse_camera
[0.662s] -- Up-to-date: /home/nitzz/my_warehouse_project/install/warehouse_camera/share/ament_index/resource_index/parent_prefix_path/warehouse_camera
[0.662s] -- Up-to-date: /home/nitzz/my_warehouse_project/install/warehouse_camera/share/warehouse_camera/environment/ament_prefix_path.sh
[0.662s] -- Up-to-date: /home/nitzz/my_warehouse_project/install/warehouse_camera/share/warehouse_camera/environment/ament_prefix_path.dsv
[0.662s] -- Up-to-date: /home/nitzz/my_warehouse_project/install/warehouse_camera/share/warehouse_camera/environment/path.sh
[0.662s] -- Up-to-date: /home/nitzz/my_warehouse_project/install/warehouse_camera/share/warehouse_camera/environment/path.dsv
[0.662s] -- Up-to-date: /home/nitzz/my_warehouse_project/install/warehouse_camera/share/warehouse_camera/local_setup.bash
[0.662s] -- Up-to-date: /home/nitzz/my_warehouse_project/install/warehouse_camera/share/warehouse_camera/local_setup.sh
[0.663s] -- Up-to-date: /home/nitzz/my_warehouse_project/install/warehouse_camera/share/warehouse_camera/local_setup.zsh
[0.663s] -- Up-to-date: /home/nitzz/my_warehouse_project/install/warehouse_camera/share/warehouse_camera/local_setup.dsv
[0.663s] -- Up-to-date: /home/nitzz/my_warehouse_project/install/warehouse_camera/share/warehouse_camera/package.dsv
[0.663s] -- Up-to-date: /home/nitzz/my_warehouse_project/install/warehouse_camera/share/ament_index/resource_index/packages/warehouse_camera
[0.663s] -- Up-to-date: /home/nitzz/my_warehouse_project/install/warehouse_camera/share/warehouse_camera/cmake/warehouse_cameraConfig.cmake
[0.663s] -- Up-to-date: /home/nitzz/my_warehouse_project/install/warehouse_camera/share/warehouse_camera/cmake/warehouse_cameraConfig-version.cmake
[0.663s] -- Up-to-date: /home/nitzz/my_warehouse_project/install/warehouse_camera/share/warehouse_camera/package.xml
[0.679s] Invoked command in '/home/nitzz/my_warehouse_project/build/warehouse_camera' returned '0': CMAKE_PREFIX_PATH=${CMAKE_PREFIX_PATH}:/home/nitzz/Warehouse_Project/install/my_package:/home/nitzz/Warehouse_Project/install/barcode_box_creation:/home/nitzz/my_warehouse_project/install/warehouse_py_pkg:/home/nitzz/my_warehouse_project/install/pick_and_place_detection:/home/nitzz/my_warehouse_project/install/barcode_stand_reader:/home/nitzz/gazebo_project/install/warehouse_py_pkg:/home/nitzz/ros2_ws/install/webots_ros2_msgs:/opt/ros/humble /usr/bin/cmake --install /home/nitzz/my_warehouse_project/build/warehouse_camera
