running egg_info
creating ../../build/warehouse_py_pkg/warehouse_py_pkg.egg-info
writing ../../build/warehouse_py_pkg/warehouse_py_pkg.egg-info/PKG-INFO
writing dependency_links to ../../build/warehouse_py_pkg/warehouse_py_pkg.egg-info/dependency_links.txt
writing entry points to ../../build/warehouse_py_pkg/warehouse_py_pkg.egg-info/entry_points.txt
writing requirements to ../../build/warehouse_py_pkg/warehouse_py_pkg.egg-info/requires.txt
writing top-level names to ../../build/warehouse_py_pkg/warehouse_py_pkg.egg-info/top_level.txt
writing manifest file '../../build/warehouse_py_pkg/warehouse_py_pkg.egg-info/SOURCES.txt'
reading manifest file '../../build/warehouse_py_pkg/warehouse_py_pkg.egg-info/SOURCES.txt'
writing manifest file '../../build/warehouse_py_pkg/warehouse_py_pkg.egg-info/SOURCES.txt'
running build
running build_py
creating /home/nitzz/my_warehouse_project/build/warehouse_py_pkg/build
creating /home/nitzz/my_warehouse_project/build/warehouse_py_pkg/build/lib
creating /home/nitzz/my_warehouse_project/build/warehouse_py_pkg/build/lib/warehouse_py_pkg
copying warehouse_py_pkg/testing1.py -> /home/nitzz/my_warehouse_project/build/warehouse_py_pkg/build/lib/warehouse_py_pkg
copying warehouse_py_pkg/__init__.py -> /home/nitzz/my_warehouse_project/build/warehouse_py_pkg/build/lib/warehouse_py_pkg
copying warehouse_py_pkg/robot_process.py -> /home/nitzz/my_warehouse_project/build/warehouse_py_pkg/build/lib/warehouse_py_pkg
copying warehouse_py_pkg/process_controller.py -> /home/nitzz/my_warehouse_project/build/warehouse_py_pkg/build/lib/warehouse_py_pkg
copying warehouse_py_pkg/testing.py -> /home/nitzz/my_warehouse_project/build/warehouse_py_pkg/build/lib/warehouse_py_pkg
copying warehouse_py_pkg/warehouse_manager.py -> /home/nitzz/my_warehouse_project/build/warehouse_py_pkg/build/lib/warehouse_py_pkg
running install
running install_lib
creating /home/nitzz/my_warehouse_project/install/warehouse_py_pkg/lib/python3.10/site-packages/warehouse_py_pkg
copying /home/nitzz/my_warehouse_project/build/warehouse_py_pkg/build/lib/warehouse_py_pkg/testing1.py -> /home/nitzz/my_warehouse_project/install/warehouse_py_pkg/lib/python3.10/site-packages/warehouse_py_pkg
copying /home/nitzz/my_warehouse_project/build/warehouse_py_pkg/build/lib/warehouse_py_pkg/__init__.py -> /home/nitzz/my_warehouse_project/install/warehouse_py_pkg/lib/python3.10/site-packages/warehouse_py_pkg
copying /home/nitzz/my_warehouse_project/build/warehouse_py_pkg/build/lib/warehouse_py_pkg/robot_process.py -> /home/nitzz/my_warehouse_project/install/warehouse_py_pkg/lib/python3.10/site-packages/warehouse_py_pkg
copying /home/nitzz/my_warehouse_project/build/warehouse_py_pkg/build/lib/warehouse_py_pkg/process_controller.py -> /home/nitzz/my_warehouse_project/install/warehouse_py_pkg/lib/python3.10/site-packages/warehouse_py_pkg
copying /home/nitzz/my_warehouse_project/build/warehouse_py_pkg/build/lib/warehouse_py_pkg/testing.py -> /home/nitzz/my_warehouse_project/install/warehouse_py_pkg/lib/python3.10/site-packages/warehouse_py_pkg
copying /home/nitzz/my_warehouse_project/build/warehouse_py_pkg/build/lib/warehouse_py_pkg/warehouse_manager.py -> /home/nitzz/my_warehouse_project/install/warehouse_py_pkg/lib/python3.10/site-packages/warehouse_py_pkg
byte-compiling /home/nitzz/my_warehouse_project/install/warehouse_py_pkg/lib/python3.10/site-packages/warehouse_py_pkg/testing1.py to testing1.cpython-310.pyc
byte-compiling /home/nitzz/my_warehouse_project/install/warehouse_py_pkg/lib/python3.10/site-packages/warehouse_py_pkg/__init__.py to __init__.cpython-310.pyc
byte-compiling /home/nitzz/my_warehouse_project/install/warehouse_py_pkg/lib/python3.10/site-packages/warehouse_py_pkg/robot_process.py to robot_process.cpython-310.pyc
byte-compiling /home/nitzz/my_warehouse_project/install/warehouse_py_pkg/lib/python3.10/site-packages/warehouse_py_pkg/process_controller.py to process_controller.cpython-310.pyc
byte-compiling /home/nitzz/my_warehouse_project/install/warehouse_py_pkg/lib/python3.10/site-packages/warehouse_py_pkg/testing.py to testing.cpython-310.pyc
byte-compiling /home/nitzz/my_warehouse_project/install/warehouse_py_pkg/lib/python3.10/site-packages/warehouse_py_pkg/warehouse_manager.py to warehouse_manager.cpython-310.pyc
running install_data
creating /home/nitzz/my_warehouse_project/install/warehouse_py_pkg/share/ament_index
creating /home/nitzz/my_warehouse_project/install/warehouse_py_pkg/share/ament_index/resource_index
creating /home/nitzz/my_warehouse_project/install/warehouse_py_pkg/share/ament_index/resource_index/packages
copying resource/warehouse_py_pkg -> /home/nitzz/my_warehouse_project/install/warehouse_py_pkg/share/ament_index/resource_index/packages
copying package.xml -> /home/nitzz/my_warehouse_project/install/warehouse_py_pkg/share/warehouse_py_pkg
running install_egg_info
Copying ../../build/warehouse_py_pkg/warehouse_py_pkg.egg-info to /home/nitzz/my_warehouse_project/install/warehouse_py_pkg/lib/python3.10/site-packages/warehouse_py_pkg-0.0.0-py3.10.egg-info
running install_scripts
Installing process_controller script to /home/nitzz/my_warehouse_project/install/warehouse_py_pkg/lib/warehouse_py_pkg
writing list of installed files to '/home/nitzz/my_warehouse_project/build/warehouse_py_pkg/install.log'
