-- Install configuration: ""
-- Up-to-date: /home/nitzz/my_warehouse_project/install/my_conveyorbelt/share/my_conveyorbelt/models
-- Up-to-date: /home/nitzz/my_warehouse_project/install/my_conveyorbelt/share/my_conveyorbelt/models/conveyorbeltt
-- Up-to-date: /home/nitzz/my_warehouse_project/install/my_conveyorbelt/share/my_conveyorbelt/models/conveyorbeltt/conveyorbeltt.sdf
-- Up-to-date: /home/nitzz/my_warehouse_project/install/my_conveyorbelt/share/my_conveyorbelt/models/conveyorbeltt/storage_cart.sdf
-- Up-to-date: /home/nitzz/my_warehouse_project/install/my_conveyorbelt/share/my_conveyorbelt/models/conveyorbeltt/conveyorbeltt (copy).sdf
-- Up-to-date: /home/nitzz/my_warehouse_project/install/my_conveyorbelt/share/my_conveyorbelt/models/conveyorbeltt/meshes
-- Up-to-date: /home/nitzz/my_warehouse_project/install/my_conveyorbelt/share/my_conveyorbelt/models/conveyorbeltt/meshes/base_link.STL
-- Up-to-date: /home/nitzz/my_warehouse_project/install/my_conveyorbelt/share/my_conveyorbelt/models/conveyorbeltt/meshes/hidden_layer.STL
-- Up-to-date: /home/nitzz/my_warehouse_project/install/my_conveyorbelt/share/my_conveyorbelt/models/conveyorbeltt/model.config
-- Up-to-date: /home/nitzz/my_warehouse_project/install/my_conveyorbelt/share/my_conveyorbelt/models/conveyorbeltt/red_plane_sensor.sdf
-- Up-to-date: /home/nitzz/my_warehouse_project/install/my_conveyorbelt/share/my_conveyorbelt/worlds
-- Up-to-date: /home/nitzz/my_warehouse_project/install/my_conveyorbelt/share/my_conveyorbelt/worlds/conveyorbeltt.world
-- Up-to-date: /home/nitzz/my_warehouse_project/install/my_conveyorbelt/share/my_conveyorbelt/urdf
-- Up-to-date: /home/nitzz/my_warehouse_project/install/my_conveyorbelt/share/my_conveyorbelt/urdf/box_model_0.sdf
-- Up-to-date: /home/nitzz/my_warehouse_project/install/my_conveyorbelt/share/my_conveyorbelt/urdf/box.urdf
-- Up-to-date: /home/nitzz/my_warehouse_project/install/my_conveyorbelt/share/ament_index/resource_index/package_run_dependencies/my_conveyorbelt
-- Up-to-date: /home/nitzz/my_warehouse_project/install/my_conveyorbelt/share/ament_index/resource_index/parent_prefix_path/my_conveyorbelt
-- Up-to-date: /home/nitzz/my_warehouse_project/install/my_conveyorbelt/share/my_conveyorbelt/environment/ament_prefix_path.sh
-- Up-to-date: /home/nitzz/my_warehouse_project/install/my_conveyorbelt/share/my_conveyorbelt/environment/ament_prefix_path.dsv
-- Up-to-date: /home/nitzz/my_warehouse_project/install/my_conveyorbelt/share/my_conveyorbelt/environment/path.sh
-- Up-to-date: /home/nitzz/my_warehouse_project/install/my_conveyorbelt/share/my_conveyorbelt/environment/path.dsv
-- Up-to-date: /home/nitzz/my_warehouse_project/install/my_conveyorbelt/share/my_conveyorbelt/local_setup.bash
-- Up-to-date: /home/nitzz/my_warehouse_project/install/my_conveyorbelt/share/my_conveyorbelt/local_setup.sh
-- Up-to-date: /home/nitzz/my_warehouse_project/install/my_conveyorbelt/share/my_conveyorbelt/local_setup.zsh
-- Up-to-date: /home/nitzz/my_warehouse_project/install/my_conveyorbelt/share/my_conveyorbelt/local_setup.dsv
-- Up-to-date: /home/nitzz/my_warehouse_project/install/my_conveyorbelt/share/my_conveyorbelt/package.dsv
-- Up-to-date: /home/nitzz/my_warehouse_project/install/my_conveyorbelt/share/ament_index/resource_index/packages/my_conveyorbelt
-- Up-to-date: /home/nitzz/my_warehouse_project/install/my_conveyorbelt/share/my_conveyorbelt/cmake/my_conveyorbeltConfig.cmake
-- Up-to-date: /home/nitzz/my_warehouse_project/install/my_conveyorbelt/share/my_conveyorbelt/cmake/my_conveyorbeltConfig-version.cmake
-- Up-to-date: /home/nitzz/my_warehouse_project/install/my_conveyorbelt/share/my_conveyorbelt/package.xml
