[0.040s] Invoking command in '/home/nitzz/my_warehouse_project/build/my_conveyorbelt': CMAKE_PREFIX_PATH=${CMAKE_PREFIX_PATH}:/home/nitzz/Warehouse_Project/install/my_package:/home/nitzz/Warehouse_Project/install/barcode_box_creation:/home/nitzz/my_warehouse_project/install/warehouse_py_pkg:/home/nitzz/my_warehouse_project/install/pick_and_place_detection:/home/nitzz/my_warehouse_project/install/barcode_stand_reader:/home/nitzz/gazebo_project/install/warehouse_py_pkg:/home/nitzz/ros2_ws/install/webots_ros2_msgs:/opt/ros/humble /usr/bin/cmake --build /home/nitzz/my_warehouse_project/build/my_conveyorbelt -- -j16 -l16
[0.636s] Invoked command in '/home/nitzz/my_warehouse_project/build/my_conveyorbelt' returned '0': CMAKE_PREFIX_PATH=${CMAKE_PREFIX_PATH}:/home/nitzz/Warehouse_Project/install/my_package:/home/nitzz/Warehouse_Project/install/barcode_box_creation:/home/nitzz/my_warehouse_project/install/warehouse_py_pkg:/home/nitzz/my_warehouse_project/install/pick_and_place_detection:/home/nitzz/my_warehouse_project/install/barcode_stand_reader:/home/nitzz/gazebo_project/install/warehouse_py_pkg:/home/nitzz/ros2_ws/install/webots_ros2_msgs:/opt/ros/humble /usr/bin/cmake --build /home/nitzz/my_warehouse_project/build/my_conveyorbelt -- -j16 -l16
[0.660s] Invoking command in '/home/nitzz/my_warehouse_project/build/my_conveyorbelt': CMAKE_PREFIX_PATH=${CMAKE_PREFIX_PATH}:/home/nitzz/Warehouse_Project/install/my_package:/home/nitzz/Warehouse_Project/install/barcode_box_creation:/home/nitzz/my_warehouse_project/install/warehouse_py_pkg:/home/nitzz/my_warehouse_project/install/pick_and_place_detection:/home/nitzz/my_warehouse_project/install/barcode_stand_reader:/home/nitzz/gazebo_project/install/warehouse_py_pkg:/home/nitzz/ros2_ws/install/webots_ros2_msgs:/opt/ros/humble /usr/bin/cmake --install /home/nitzz/my_warehouse_project/build/my_conveyorbelt
[0.665s] -- Install configuration: ""
[0.665s] -- Up-to-date: /home/nitzz/my_warehouse_project/install/my_conveyorbelt/share/my_conveyorbelt/models
[0.665s] -- Up-to-date: /home/nitzz/my_warehouse_project/install/my_conveyorbelt/share/my_conveyorbelt/models/conveyorbeltt
[0.665s] -- Up-to-date: /home/nitzz/my_warehouse_project/install/my_conveyorbelt/share/my_conveyorbelt/models/conveyorbeltt/conveyorbeltt.sdf
[0.665s] -- Up-to-date: /home/nitzz/my_warehouse_project/install/my_conveyorbelt/share/my_conveyorbelt/models/conveyorbeltt/storage_cart.sdf
[0.665s] -- Up-to-date: /home/nitzz/my_warehouse_project/install/my_conveyorbelt/share/my_conveyorbelt/models/conveyorbeltt/conveyorbeltt (copy).sdf
[0.665s] -- Up-to-date: /home/nitzz/my_warehouse_project/install/my_conveyorbelt/share/my_conveyorbelt/models/conveyorbeltt/meshes
[0.666s] -- Up-to-date: /home/nitzz/my_warehouse_project/install/my_conveyorbelt/share/my_conveyorbelt/models/conveyorbeltt/meshes/base_link.STL
[0.666s] -- Up-to-date: /home/nitzz/my_warehouse_project/install/my_conveyorbelt/share/my_conveyorbelt/models/conveyorbeltt/meshes/hidden_layer.STL
[0.666s] -- Up-to-date: /home/nitzz/my_warehouse_project/install/my_conveyorbelt/share/my_conveyorbelt/models/conveyorbeltt/model.config
[0.666s] -- Up-to-date: /home/nitzz/my_warehouse_project/install/my_conveyorbelt/share/my_conveyorbelt/models/conveyorbeltt/red_plane_sensor.sdf
[0.666s] -- Up-to-date: /home/nitzz/my_warehouse_project/install/my_conveyorbelt/share/my_conveyorbelt/worlds
[0.667s] -- Up-to-date: /home/nitzz/my_warehouse_project/install/my_conveyorbelt/share/my_conveyorbelt/worlds/conveyorbeltt.world
[0.667s] -- Up-to-date: /home/nitzz/my_warehouse_project/install/my_conveyorbelt/share/my_conveyorbelt/urdf
[0.667s] -- Up-to-date: /home/nitzz/my_warehouse_project/install/my_conveyorbelt/share/my_conveyorbelt/urdf/box_model_0.sdf
[0.668s] -- Up-to-date: /home/nitzz/my_warehouse_project/install/my_conveyorbelt/share/my_conveyorbelt/urdf/box.urdf
[0.668s] -- Up-to-date: /home/nitzz/my_warehouse_project/install/my_conveyorbelt/share/ament_index/resource_index/package_run_dependencies/my_conveyorbelt
[0.668s] -- Up-to-date: /home/nitzz/my_warehouse_project/install/my_conveyorbelt/share/ament_index/resource_index/parent_prefix_path/my_conveyorbelt
[0.668s] -- Up-to-date: /home/nitzz/my_warehouse_project/install/my_conveyorbelt/share/my_conveyorbelt/environment/ament_prefix_path.sh
[0.668s] -- Up-to-date: /home/nitzz/my_warehouse_project/install/my_conveyorbelt/share/my_conveyorbelt/environment/ament_prefix_path.dsv
[0.668s] -- Up-to-date: /home/nitzz/my_warehouse_project/install/my_conveyorbelt/share/my_conveyorbelt/environment/path.sh
[0.668s] -- Up-to-date: /home/nitzz/my_warehouse_project/install/my_conveyorbelt/share/my_conveyorbelt/environment/path.dsv
[0.668s] -- Up-to-date: /home/nitzz/my_warehouse_project/install/my_conveyorbelt/share/my_conveyorbelt/local_setup.bash
[0.668s] -- Up-to-date: /home/nitzz/my_warehouse_project/install/my_conveyorbelt/share/my_conveyorbelt/local_setup.sh
[0.668s] -- Up-to-date: /home/nitzz/my_warehouse_project/install/my_conveyorbelt/share/my_conveyorbelt/local_setup.zsh
[0.668s] -- Up-to-date: /home/nitzz/my_warehouse_project/install/my_conveyorbelt/share/my_conveyorbelt/local_setup.dsv
[0.668s] -- Up-to-date: /home/nitzz/my_warehouse_project/install/my_conveyorbelt/share/my_conveyorbelt/package.dsv
[0.668s] -- Up-to-date: /home/nitzz/my_warehouse_project/install/my_conveyorbelt/share/ament_index/resource_index/packages/my_conveyorbelt
[0.668s] -- Up-to-date: /home/nitzz/my_warehouse_project/install/my_conveyorbelt/share/my_conveyorbelt/cmake/my_conveyorbeltConfig.cmake
[0.668s] -- Up-to-date: /home/nitzz/my_warehouse_project/install/my_conveyorbelt/share/my_conveyorbelt/cmake/my_conveyorbeltConfig-version.cmake
[0.668s] -- Up-to-date: /home/nitzz/my_warehouse_project/install/my_conveyorbelt/share/my_conveyorbelt/package.xml
[0.673s] Invoked command in '/home/nitzz/my_warehouse_project/build/my_conveyorbelt' returned '0': CMAKE_PREFIX_PATH=${CMAKE_PREFIX_PATH}:/home/nitzz/Warehouse_Project/install/my_package:/home/nitzz/Warehouse_Project/install/barcode_box_creation:/home/nitzz/my_warehouse_project/install/warehouse_py_pkg:/home/nitzz/my_warehouse_project/install/pick_and_place_detection:/home/nitzz/my_warehouse_project/install/barcode_stand_reader:/home/nitzz/gazebo_project/install/warehouse_py_pkg:/home/nitzz/ros2_ws/install/webots_ros2_msgs:/opt/ros/humble /usr/bin/cmake --install /home/nitzz/my_warehouse_project/build/my_conveyorbelt
