/home/nitzz/my_warehouse_project/install/warehouse_py_pkg/lib/python3.10/site-packages/warehouse_py_pkg/testing1.py
/home/nitzz/my_warehouse_project/install/warehouse_py_pkg/lib/python3.10/site-packages/warehouse_py_pkg/__init__.py
/home/nitzz/my_warehouse_project/install/warehouse_py_pkg/lib/python3.10/site-packages/warehouse_py_pkg/robot_process.py
/home/nitzz/my_warehouse_project/install/warehouse_py_pkg/lib/python3.10/site-packages/warehouse_py_pkg/process_controller.py
/home/nitzz/my_warehouse_project/install/warehouse_py_pkg/lib/python3.10/site-packages/warehouse_py_pkg/testing.py
/home/nitzz/my_warehouse_project/install/warehouse_py_pkg/lib/python3.10/site-packages/warehouse_py_pkg/warehouse_manager.py
/home/nitzz/my_warehouse_project/install/warehouse_py_pkg/lib/python3.10/site-packages/warehouse_py_pkg/__pycache__/testing1.cpython-310.pyc
/home/nitzz/my_warehouse_project/install/warehouse_py_pkg/lib/python3.10/site-packages/warehouse_py_pkg/__pycache__/__init__.cpython-310.pyc
/home/nitzz/my_warehouse_project/install/warehouse_py_pkg/lib/python3.10/site-packages/warehouse_py_pkg/__pycache__/robot_process.cpython-310.pyc
/home/nitzz/my_warehouse_project/install/warehouse_py_pkg/lib/python3.10/site-packages/warehouse_py_pkg/__pycache__/process_controller.cpython-310.pyc
/home/nitzz/my_warehouse_project/install/warehouse_py_pkg/lib/python3.10/site-packages/warehouse_py_pkg/__pycache__/testing.cpython-310.pyc
/home/nitzz/my_warehouse_project/install/warehouse_py_pkg/lib/python3.10/site-packages/warehouse_py_pkg/__pycache__/warehouse_manager.cpython-310.pyc
/home/nitzz/my_warehouse_project/install/warehouse_py_pkg/share/ament_index/resource_index/packages/warehouse_py_pkg
/home/nitzz/my_warehouse_project/install/warehouse_py_pkg/share/warehouse_py_pkg/package.xml
/home/nitzz/my_warehouse_project/install/warehouse_py_pkg/lib/python3.10/site-packages/warehouse_py_pkg-0.0.0-py3.10.egg-info/PKG-INFO
/home/nitzz/my_warehouse_project/install/warehouse_py_pkg/lib/python3.10/site-packages/warehouse_py_pkg-0.0.0-py3.10.egg-info/requires.txt
/home/nitzz/my_warehouse_project/install/warehouse_py_pkg/lib/python3.10/site-packages/warehouse_py_pkg-0.0.0-py3.10.egg-info/zip-safe
/home/nitzz/my_warehouse_project/install/warehouse_py_pkg/lib/python3.10/site-packages/warehouse_py_pkg-0.0.0-py3.10.egg-info/SOURCES.txt
/home/nitzz/my_warehouse_project/install/warehouse_py_pkg/lib/python3.10/site-packages/warehouse_py_pkg-0.0.0-py3.10.egg-info/entry_points.txt
/home/nitzz/my_warehouse_project/install/warehouse_py_pkg/lib/python3.10/site-packages/warehouse_py_pkg-0.0.0-py3.10.egg-info/dependency_links.txt
/home/nitzz/my_warehouse_project/install/warehouse_py_pkg/lib/python3.10/site-packages/warehouse_py_pkg-0.0.0-py3.10.egg-info/top_level.txt
/home/nitzz/my_warehouse_project/install/warehouse_py_pkg/lib/warehouse_py_pkg/process_controller
