-- Install configuration: ""
-- Up-to-date: /home/nitzz/my_warehouse_project/install/my_warehouse_bringup2/share/my_warehouse_bringup2//launch
-- Up-to-date: /home/nitzz/my_warehouse_project/install/my_warehouse_bringup2/share/my_warehouse_bringup2//launch/my_warehouse_gazebo.launch.xml
-- Up-to-date: /home/nitzz/my_warehouse_project/install/my_warehouse_bringup2/share/my_warehouse_bringup2//launch/box_barcode.launch.py
-- Up-to-date: /home/nitzz/my_warehouse_project/install/my_warehouse_bringup2/share/my_warehouse_bringup2//worlds
-- Up-to-date: /home/nitzz/my_warehouse_project/install/my_warehouse_bringup2/share/my_warehouse_bringup2//worlds/my_warehouse_world.world
-- Up-to-date: /home/nitzz/my_warehouse_project/install/my_warehouse_bringup2/share/ament_index/resource_index/package_run_dependencies/my_warehouse_bringup2
-- Up-to-date: /home/nitzz/my_warehouse_project/install/my_warehouse_bringup2/share/ament_index/resource_index/parent_prefix_path/my_warehouse_bringup2
-- Up-to-date: /home/nitzz/my_warehouse_project/install/my_warehouse_bringup2/share/my_warehouse_bringup2/environment/ament_prefix_path.sh
-- Up-to-date: /home/nitzz/my_warehouse_project/install/my_warehouse_bringup2/share/my_warehouse_bringup2/environment/ament_prefix_path.dsv
-- Up-to-date: /home/nitzz/my_warehouse_project/install/my_warehouse_bringup2/share/my_warehouse_bringup2/environment/path.sh
-- Up-to-date: /home/nitzz/my_warehouse_project/install/my_warehouse_bringup2/share/my_warehouse_bringup2/environment/path.dsv
-- Up-to-date: /home/nitzz/my_warehouse_project/install/my_warehouse_bringup2/share/my_warehouse_bringup2/local_setup.bash
-- Up-to-date: /home/nitzz/my_warehouse_project/install/my_warehouse_bringup2/share/my_warehouse_bringup2/local_setup.sh
-- Up-to-date: /home/nitzz/my_warehouse_project/install/my_warehouse_bringup2/share/my_warehouse_bringup2/local_setup.zsh
-- Up-to-date: /home/nitzz/my_warehouse_project/install/my_warehouse_bringup2/share/my_warehouse_bringup2/local_setup.dsv
-- Up-to-date: /home/nitzz/my_warehouse_project/install/my_warehouse_bringup2/share/my_warehouse_bringup2/package.dsv
-- Up-to-date: /home/nitzz/my_warehouse_project/install/my_warehouse_bringup2/share/ament_index/resource_index/packages/my_warehouse_bringup2
-- Up-to-date: /home/nitzz/my_warehouse_project/install/my_warehouse_bringup2/share/my_warehouse_bringup2/cmake/my_warehouse_bringup2Config.cmake
-- Up-to-date: /home/nitzz/my_warehouse_project/install/my_warehouse_bringup2/share/my_warehouse_bringup2/cmake/my_warehouse_bringup2Config-version.cmake
-- Up-to-date: /home/nitzz/my_warehouse_project/install/my_warehouse_bringup2/share/my_warehouse_bringup2/package.xml
