[0.919s] Invoking command in '/home/nitzz/my_warehouse_project/src/barcode_stand_reader': PYTHONPATH=/home/nitzz/my_warehouse_project/build/barcode_stand_reader/prefix_override:/usr/lib/python3/dist-packages/colcon_core/task/python/colcon_distutils_commands:/home/nitzz/my_warehouse_project/install/barcode_stand_reader/lib/python3.10/site-packages:${PYTHONPATH} /usr/bin/python3 -W ignore:setup.py install is deprecated setup.py egg_info --egg-base ../../build/barcode_stand_reader build --build-base /home/nitzz/my_warehouse_project/build/barcode_stand_reader/build install --record /home/nitzz/my_warehouse_project/build/barcode_stand_reader/install.log --single-version-externally-managed install_data
[1.109s] running egg_info
[1.109s] writing ../../build/barcode_stand_reader/barcode_stand_reader.egg-info/PKG-INFO
[1.109s] writing dependency_links to ../../build/barcode_stand_reader/barcode_stand_reader.egg-info/dependency_links.txt
[1.109s] writing entry points to ../../build/barcode_stand_reader/barcode_stand_reader.egg-info/entry_points.txt
[1.109s] writing requirements to ../../build/barcode_stand_reader/barcode_stand_reader.egg-info/requires.txt
[1.109s] writing top-level names to ../../build/barcode_stand_reader/barcode_stand_reader.egg-info/top_level.txt
[1.110s] reading manifest file '../../build/barcode_stand_reader/barcode_stand_reader.egg-info/SOURCES.txt'
[1.111s] writing manifest file '../../build/barcode_stand_reader/barcode_stand_reader.egg-info/SOURCES.txt'
[1.111s] running build
[1.111s] running build_py
[1.111s] running install
[1.111s] running install_lib
[1.112s] running install_data
[1.112s] running install_egg_info
[1.113s] removing '/home/nitzz/my_warehouse_project/install/barcode_stand_reader/lib/python3.10/site-packages/barcode_stand_reader-0.0.0-py3.10.egg-info' (and everything under it)
[1.113s] Copying ../../build/barcode_stand_reader/barcode_stand_reader.egg-info to /home/nitzz/my_warehouse_project/install/barcode_stand_reader/lib/python3.10/site-packages/barcode_stand_reader-0.0.0-py3.10.egg-info
[1.114s] running install_scripts
[1.128s] Installing camera_cv2 script to /home/nitzz/my_warehouse_project/install/barcode_stand_reader/lib/barcode_stand_reader
[1.128s] writing list of installed files to '/home/nitzz/my_warehouse_project/build/barcode_stand_reader/install.log'
[1.147s] Invoked command in '/home/nitzz/my_warehouse_project/src/barcode_stand_reader' returned '0': PYTHONPATH=/home/nitzz/my_warehouse_project/build/barcode_stand_reader/prefix_override:/usr/lib/python3/dist-packages/colcon_core/task/python/colcon_distutils_commands:/home/nitzz/my_warehouse_project/install/barcode_stand_reader/lib/python3.10/site-packages:${PYTHONPATH} /usr/bin/python3 -W ignore:setup.py install is deprecated setup.py egg_info --egg-base ../../build/barcode_stand_reader build --build-base /home/nitzz/my_warehouse_project/build/barcode_stand_reader/build install --record /home/nitzz/my_warehouse_project/build/barcode_stand_reader/install.log --single-version-externally-managed install_data
