-- Install configuration: ""
-- Up-to-date: /home/nitzz/my_warehouse_project/install/pick_and_place_simulation/share/pick_and_place_simulation/world
-- Up-to-date: /home/nitzz/my_warehouse_project/install/pick_and_place_simulation/share/pick_and_place_simulation/world/conveyorbeltt.world
-- Up-to-date: /home/nitzz/my_warehouse_project/install/pick_and_place_simulation/share/pick_and_place_simulation/world/gym.world
-- Up-to-date: /home/nitzz/my_warehouse_project/install/pick_and_place_simulation/share/pick_and_place_simulation/launch
-- Up-to-date: /home/nitzz/my_warehouse_project/install/pick_and_place_simulation/share/pick_and_place_simulation/launch/start_simulation.launch.py
-- Up-to-date: /home/nitzz/my_warehouse_project/install/pick_and_place_simulation/share/ament_index/resource_index/package_run_dependencies/pick_and_place_simulation
-- Up-to-date: /home/nitzz/my_warehouse_project/install/pick_and_place_simulation/share/ament_index/resource_index/parent_prefix_path/pick_and_place_simulation
-- Up-to-date: /home/nitzz/my_warehouse_project/install/pick_and_place_simulation/share/pick_and_place_simulation/environment/ament_prefix_path.sh
-- Up-to-date: /home/nitzz/my_warehouse_project/install/pick_and_place_simulation/share/pick_and_place_simulation/environment/ament_prefix_path.dsv
-- Up-to-date: /home/nitzz/my_warehouse_project/install/pick_and_place_simulation/share/pick_and_place_simulation/environment/path.sh
-- Up-to-date: /home/nitzz/my_warehouse_project/install/pick_and_place_simulation/share/pick_and_place_simulation/environment/path.dsv
-- Up-to-date: /home/nitzz/my_warehouse_project/install/pick_and_place_simulation/share/pick_and_place_simulation/local_setup.bash
-- Up-to-date: /home/nitzz/my_warehouse_project/install/pick_and_place_simulation/share/pick_and_place_simulation/local_setup.sh
-- Up-to-date: /home/nitzz/my_warehouse_project/install/pick_and_place_simulation/share/pick_and_place_simulation/local_setup.zsh
-- Up-to-date: /home/nitzz/my_warehouse_project/install/pick_and_place_simulation/share/pick_and_place_simulation/local_setup.dsv
-- Up-to-date: /home/nitzz/my_warehouse_project/install/pick_and_place_simulation/share/pick_and_place_simulation/package.dsv
-- Up-to-date: /home/nitzz/my_warehouse_project/install/pick_and_place_simulation/share/ament_index/resource_index/packages/pick_and_place_simulation
-- Up-to-date: /home/nitzz/my_warehouse_project/install/pick_and_place_simulation/share/pick_and_place_simulation/cmake/pick_and_place_simulationConfig.cmake
-- Up-to-date: /home/nitzz/my_warehouse_project/install/pick_and_place_simulation/share/pick_and_place_simulation/cmake/pick_and_place_simulationConfig-version.cmake
-- Up-to-date: /home/nitzz/my_warehouse_project/install/pick_and_place_simulation/share/pick_and_place_simulation/package.xml
