[0.410s] Invoking command in '/home/nitzz/my_warehouse_project/build/pick_and_place_simulation': CMAKE_PREFIX_PATH=${CMAKE_PREFIX_PATH}:/home/nitzz/Warehouse_Project/install/my_package:/home/nitzz/Warehouse_Project/install/barcode_box_creation:/home/nitzz/my_warehouse_project/install/warehouse_py_pkg:/home/nitzz/my_warehouse_project/install/pick_and_place_detection:/home/nitzz/my_warehouse_project/install/barcode_stand_reader:/home/nitzz/gazebo_project/install/warehouse_py_pkg:/home/nitzz/ros2_ws/install/webots_ros2_msgs:/opt/ros/humble /usr/bin/cmake --build /home/nitzz/my_warehouse_project/build/pick_and_place_simulation -- -j16 -l16
[0.615s] Invoked command in '/home/nitzz/my_warehouse_project/build/pick_and_place_simulation' returned '0': CMAKE_PREFIX_PATH=${CMAKE_PREFIX_PATH}:/home/nitzz/Warehouse_Project/install/my_package:/home/nitzz/Warehouse_Project/install/barcode_box_creation:/home/nitzz/my_warehouse_project/install/warehouse_py_pkg:/home/nitzz/my_warehouse_project/install/pick_and_place_detection:/home/nitzz/my_warehouse_project/install/barcode_stand_reader:/home/nitzz/gazebo_project/install/warehouse_py_pkg:/home/nitzz/ros2_ws/install/webots_ros2_msgs:/opt/ros/humble /usr/bin/cmake --build /home/nitzz/my_warehouse_project/build/pick_and_place_simulation -- -j16 -l16
[0.637s] Invoking command in '/home/nitzz/my_warehouse_project/build/pick_and_place_simulation': CMAKE_PREFIX_PATH=${CMAKE_PREFIX_PATH}:/home/nitzz/Warehouse_Project/install/my_package:/home/nitzz/Warehouse_Project/install/barcode_box_creation:/home/nitzz/my_warehouse_project/install/warehouse_py_pkg:/home/nitzz/my_warehouse_project/install/pick_and_place_detection:/home/nitzz/my_warehouse_project/install/barcode_stand_reader:/home/nitzz/gazebo_project/install/warehouse_py_pkg:/home/nitzz/ros2_ws/install/webots_ros2_msgs:/opt/ros/humble /usr/bin/cmake --install /home/nitzz/my_warehouse_project/build/pick_and_place_simulation
[0.648s] -- Install configuration: ""
[0.648s] -- Up-to-date: /home/nitzz/my_warehouse_project/install/pick_and_place_simulation/share/pick_and_place_simulation/world
[0.648s] -- Up-to-date: /home/nitzz/my_warehouse_project/install/pick_and_place_simulation/share/pick_and_place_simulation/world/conveyorbeltt.world
[0.648s] -- Up-to-date: /home/nitzz/my_warehouse_project/install/pick_and_place_simulation/share/pick_and_place_simulation/world/gym.world
[0.648s] -- Up-to-date: /home/nitzz/my_warehouse_project/install/pick_and_place_simulation/share/pick_and_place_simulation/launch
[0.648s] -- Up-to-date: /home/nitzz/my_warehouse_project/install/pick_and_place_simulation/share/pick_and_place_simulation/launch/start_simulation.launch.py
[0.648s] -- Up-to-date: /home/nitzz/my_warehouse_project/install/pick_and_place_simulation/share/ament_index/resource_index/package_run_dependencies/pick_and_place_simulation
[0.648s] -- Up-to-date: /home/nitzz/my_warehouse_project/install/pick_and_place_simulation/share/ament_index/resource_index/parent_prefix_path/pick_and_place_simulation
[0.648s] -- Up-to-date: /home/nitzz/my_warehouse_project/install/pick_and_place_simulation/share/pick_and_place_simulation/environment/ament_prefix_path.sh
[0.648s] -- Up-to-date: /home/nitzz/my_warehouse_project/install/pick_and_place_simulation/share/pick_and_place_simulation/environment/ament_prefix_path.dsv
[0.648s] -- Up-to-date: /home/nitzz/my_warehouse_project/install/pick_and_place_simulation/share/pick_and_place_simulation/environment/path.sh
[0.648s] -- Up-to-date: /home/nitzz/my_warehouse_project/install/pick_and_place_simulation/share/pick_and_place_simulation/environment/path.dsv
[0.648s] -- Up-to-date: /home/nitzz/my_warehouse_project/install/pick_and_place_simulation/share/pick_and_place_simulation/local_setup.bash
[0.648s] -- Up-to-date: /home/nitzz/my_warehouse_project/install/pick_and_place_simulation/share/pick_and_place_simulation/local_setup.sh
[0.648s] -- Up-to-date: /home/nitzz/my_warehouse_project/install/pick_and_place_simulation/share/pick_and_place_simulation/local_setup.zsh
[0.648s] -- Up-to-date: /home/nitzz/my_warehouse_project/install/pick_and_place_simulation/share/pick_and_place_simulation/local_setup.dsv
[0.648s] -- Up-to-date: /home/nitzz/my_warehouse_project/install/pick_and_place_simulation/share/pick_and_place_simulation/package.dsv
[0.648s] -- Up-to-date: /home/nitzz/my_warehouse_project/install/pick_and_place_simulation/share/ament_index/resource_index/packages/pick_and_place_simulation
[0.648s] -- Up-to-date: /home/nitzz/my_warehouse_project/install/pick_and_place_simulation/share/pick_and_place_simulation/cmake/pick_and_place_simulationConfig.cmake
[0.648s] -- Up-to-date: /home/nitzz/my_warehouse_project/install/pick_and_place_simulation/share/pick_and_place_simulation/cmake/pick_and_place_simulationConfig-version.cmake
[0.648s] -- Up-to-date: /home/nitzz/my_warehouse_project/install/pick_and_place_simulation/share/pick_and_place_simulation/package.xml
[0.667s] Invoked command in '/home/nitzz/my_warehouse_project/build/pick_and_place_simulation' returned '0': CMAKE_PREFIX_PATH=${CMAKE_PREFIX_PATH}:/home/nitzz/Warehouse_Project/install/my_package:/home/nitzz/Warehouse_Project/install/barcode_box_creation:/home/nitzz/my_warehouse_project/install/warehouse_py_pkg:/home/nitzz/my_warehouse_project/install/pick_and_place_detection:/home/nitzz/my_warehouse_project/install/barcode_stand_reader:/home/nitzz/gazebo_project/install/warehouse_py_pkg:/home/nitzz/ros2_ws/install/webots_ros2_msgs:/opt/ros/humble /usr/bin/cmake --install /home/nitzz/my_warehouse_project/build/pick_and_place_simulation
