[0.998s] Invoking command in '/home/nitzz/my_warehouse_project/src/barcode_stand_reader': PYTHONPATH=/home/nitzz/my_warehouse_project/build/barcode_stand_reader/prefix_override:/usr/lib/python3/dist-packages/colcon_core/task/python/colcon_distutils_commands:/home/nitzz/my_warehouse_project/install/barcode_stand_reader/lib/python3.10/site-packages:${PYTHONPATH} /usr/bin/python3 -W ignore:setup.py install is deprecated setup.py egg_info --egg-base ../../build/barcode_stand_reader build --build-base /home/nitzz/my_warehouse_project/build/barcode_stand_reader/build install --record /home/nitzz/my_warehouse_project/build/barcode_stand_reader/install.log --single-version-externally-managed install_data
[1.207s] running egg_info
[1.208s] creating ../../build/barcode_stand_reader/barcode_stand_reader.egg-info
[1.208s] writing ../../build/barcode_stand_reader/barcode_stand_reader.egg-info/PKG-INFO
[1.208s] writing dependency_links to ../../build/barcode_stand_reader/barcode_stand_reader.egg-info/dependency_links.txt
[1.208s] writing entry points to ../../build/barcode_stand_reader/barcode_stand_reader.egg-info/entry_points.txt
[1.208s] writing requirements to ../../build/barcode_stand_reader/barcode_stand_reader.egg-info/requires.txt
[1.208s] writing top-level names to ../../build/barcode_stand_reader/barcode_stand_reader.egg-info/top_level.txt
[1.208s] writing manifest file '../../build/barcode_stand_reader/barcode_stand_reader.egg-info/SOURCES.txt'
[1.209s] reading manifest file '../../build/barcode_stand_reader/barcode_stand_reader.egg-info/SOURCES.txt'
[1.210s] writing manifest file '../../build/barcode_stand_reader/barcode_stand_reader.egg-info/SOURCES.txt'
[1.210s] running build
[1.210s] running build_py
[1.210s] creating /home/nitzz/my_warehouse_project/build/barcode_stand_reader/build
[1.210s] creating /home/nitzz/my_warehouse_project/build/barcode_stand_reader/build/lib
[1.210s] creating /home/nitzz/my_warehouse_project/build/barcode_stand_reader/build/lib/barcode_stand_reader
[1.210s] copying barcode_stand_reader/__init__.py -> /home/nitzz/my_warehouse_project/build/barcode_stand_reader/build/lib/barcode_stand_reader
[1.210s] copying barcode_stand_reader/camera_cv2.py -> /home/nitzz/my_warehouse_project/build/barcode_stand_reader/build/lib/barcode_stand_reader
[1.210s] running install
[1.210s] running install_lib
[1.211s] creating /home/nitzz/my_warehouse_project/install/barcode_stand_reader/lib/python3.10/site-packages/barcode_stand_reader
[1.211s] copying /home/nitzz/my_warehouse_project/build/barcode_stand_reader/build/lib/barcode_stand_reader/__init__.py -> /home/nitzz/my_warehouse_project/install/barcode_stand_reader/lib/python3.10/site-packages/barcode_stand_reader
[1.211s] copying /home/nitzz/my_warehouse_project/build/barcode_stand_reader/build/lib/barcode_stand_reader/camera_cv2.py -> /home/nitzz/my_warehouse_project/install/barcode_stand_reader/lib/python3.10/site-packages/barcode_stand_reader
[1.211s] byte-compiling /home/nitzz/my_warehouse_project/install/barcode_stand_reader/lib/python3.10/site-packages/barcode_stand_reader/__init__.py to __init__.cpython-310.pyc
[1.211s] byte-compiling /home/nitzz/my_warehouse_project/install/barcode_stand_reader/lib/python3.10/site-packages/barcode_stand_reader/camera_cv2.py to camera_cv2.cpython-310.pyc
[1.212s] running install_data
[1.212s] creating /home/nitzz/my_warehouse_project/install/barcode_stand_reader/share/ament_index
[1.212s] creating /home/nitzz/my_warehouse_project/install/barcode_stand_reader/share/ament_index/resource_index
[1.212s] creating /home/nitzz/my_warehouse_project/install/barcode_stand_reader/share/ament_index/resource_index/packages
[1.212s] copying resource/barcode_stand_reader -> /home/nitzz/my_warehouse_project/install/barcode_stand_reader/share/ament_index/resource_index/packages
[1.212s] copying package.xml -> /home/nitzz/my_warehouse_project/install/barcode_stand_reader/share/barcode_stand_reader
[1.212s] running install_egg_info
[1.214s] Copying ../../build/barcode_stand_reader/barcode_stand_reader.egg-info to /home/nitzz/my_warehouse_project/install/barcode_stand_reader/lib/python3.10/site-packages/barcode_stand_reader-0.0.0-py3.10.egg-info
[1.214s] running install_scripts
[1.229s] Installing camera_cv2 script to /home/nitzz/my_warehouse_project/install/barcode_stand_reader/lib/barcode_stand_reader
[1.229s] writing list of installed files to '/home/nitzz/my_warehouse_project/build/barcode_stand_reader/install.log'
[1.247s] Invoked command in '/home/nitzz/my_warehouse_project/src/barcode_stand_reader' returned '0': PYTHONPATH=/home/nitzz/my_warehouse_project/build/barcode_stand_reader/prefix_override:/usr/lib/python3/dist-packages/colcon_core/task/python/colcon_distutils_commands:/home/nitzz/my_warehouse_project/install/barcode_stand_reader/lib/python3.10/site-packages:${PYTHONPATH} /usr/bin/python3 -W ignore:setup.py install is deprecated setup.py egg_info --egg-base ../../build/barcode_stand_reader build --build-base /home/nitzz/my_warehouse_project/build/barcode_stand_reader/build install --record /home/nitzz/my_warehouse_project/build/barcode_stand_reader/install.log --single-version-externally-managed install_data
