-- The C compiler identification is GNU 9.5.0
-- The CXX compiler identification is GNU 9.5.0
-- Detecting C compiler ABI info
-- Detecting C compiler ABI info - done
-- Check for working C compiler: /usr/bin/cc - skipped
-- Detecting C compile features
-- Detecting C compile features - done
-- Detecting CXX compiler ABI info
-- Detecting CXX compiler ABI info - done
-- Check for working CXX compiler: /usr/bin/c++ - skipped
-- Detecting CXX compile features
-- Detecting CXX compile features - done
-- Found ament_cmake: 1.3.10 (/opt/ros/humble/share/ament_cmake/cmake)
-- Found Python3: /usr/bin/python3 (found version "3.10.12") found components: Interpreter 
-- Configuring done
-- Generating done
-- Build files have been written to: /home/nitzz/my_warehouse_project/build/warehouse_camera
-- Install configuration: ""
-- Installing: /home/nitzz/my_warehouse_project/install/warehouse_camera/share/warehouse_camera/urdf
-- Installing: /home/nitzz/my_warehouse_project/install/warehouse_camera/share/warehouse_camera/urdf/camera copy.xacro
-- Installing: /home/nitzz/my_warehouse_project/install/warehouse_camera/share/warehouse_camera/urdf/camera_stand.urdf.xacro
-- Installing: /home/nitzz/my_warehouse_project/install/warehouse_camera/share/warehouse_camera/urdf/common_properties1.xacro
-- Installing: /home/nitzz/my_warehouse_project/install/warehouse_camera/share/warehouse_camera/urdf/box_model_0.sdf
-- Installing: /home/nitzz/my_warehouse_project/install/warehouse_camera/share/warehouse_camera/urdf/camera_stand_gazebo.xacro
-- Installing: /home/nitzz/my_warehouse_project/install/warehouse_camera/share/warehouse_camera/urdf/common_properties1 (copy).xacro
-- Installing: /home/nitzz/my_warehouse_project/install/warehouse_camera/share/warehouse_camera/urdf/camera_setup.urdf.xacro
-- Installing: /home/nitzz/my_warehouse_project/install/warehouse_camera/share/warehouse_camera/urdf/camera.xacro
-- Installing: /home/nitzz/my_warehouse_project/install/warehouse_camera/share/warehouse_camera/rviz
-- Installing: /home/nitzz/my_warehouse_project/install/warehouse_camera/share/warehouse_camera/rviz/urdf_config.rviz
-- Installing: /home/nitzz/my_warehouse_project/install/warehouse_camera/share/ament_index/resource_index/package_run_dependencies/warehouse_camera
-- Installing: /home/nitzz/my_warehouse_project/install/warehouse_camera/share/ament_index/resource_index/parent_prefix_path/warehouse_camera
-- Installing: /home/nitzz/my_warehouse_project/install/warehouse_camera/share/warehouse_camera/environment/ament_prefix_path.sh
-- Installing: /home/nitzz/my_warehouse_project/install/warehouse_camera/share/warehouse_camera/environment/ament_prefix_path.dsv
-- Installing: /home/nitzz/my_warehouse_project/install/warehouse_camera/share/warehouse_camera/environment/path.sh
-- Installing: /home/nitzz/my_warehouse_project/install/warehouse_camera/share/warehouse_camera/environment/path.dsv
-- Installing: /home/nitzz/my_warehouse_project/install/warehouse_camera/share/warehouse_camera/local_setup.bash
-- Installing: /home/nitzz/my_warehouse_project/install/warehouse_camera/share/warehouse_camera/local_setup.sh
-- Installing: /home/nitzz/my_warehouse_project/install/warehouse_camera/share/warehouse_camera/local_setup.zsh
-- Installing: /home/nitzz/my_warehouse_project/install/warehouse_camera/share/warehouse_camera/local_setup.dsv
-- Installing: /home/nitzz/my_warehouse_project/install/warehouse_camera/share/warehouse_camera/package.dsv
-- Installing: /home/nitzz/my_warehouse_project/install/warehouse_camera/share/ament_index/resource_index/packages/warehouse_camera
-- Installing: /home/nitzz/my_warehouse_project/install/warehouse_camera/share/warehouse_camera/cmake/warehouse_cameraConfig.cmake
-- Installing: /home/nitzz/my_warehouse_project/install/warehouse_camera/share/warehouse_camera/cmake/warehouse_cameraConfig-version.cmake
-- Installing: /home/nitzz/my_warehouse_project/install/warehouse_camera/share/warehouse_camera/package.xml
