[0.031s] Invoking command in '/home/nitzz/my_warehouse_project/build/warehouse_camera': CMAKE_PREFIX_PATH=${CMAKE_PREFIX_PATH}:/home/nitzz/Warehouse_Project/install/my_package:/home/nitzz/Warehouse_Project/install/barcode_box_creation:/home/nitzz/my_warehouse_project/install/warehouse_py_pkg:/home/nitzz/my_warehouse_project/install/pick_and_place_detection:/home/nitzz/my_warehouse_project/install/barcode_stand_reader:/home/nitzz/gazebo_project/install/warehouse_py_pkg:/home/nitzz/ros2_ws/install/webots_ros2_msgs:/opt/ros/humble /usr/bin/cmake /home/nitzz/my_warehouse_project/src/warehouse_camera -DCMAKE_INSTALL_PREFIX=/home/nitzz/my_warehouse_project/install/warehouse_camera
[0.462s] -- The C compiler identification is GNU 9.5.0
[0.463s] -- The CXX compiler identification is GNU 9.5.0
[0.463s] -- Detecting C compiler ABI info
[0.463s] -- Detecting C compiler ABI info - done
[0.463s] -- Check for working C compiler: /usr/bin/cc - skipped
[0.463s] -- Detecting C compile features
[0.463s] -- Detecting C compile features - done
[0.463s] -- Detecting CXX compiler ABI info
[0.463s] -- Detecting CXX compiler ABI info - done
[0.463s] -- Check for working CXX compiler: /usr/bin/c++ - skipped
[0.463s] -- Detecting CXX compile features
[0.463s] -- Detecting CXX compile features - done
[0.463s] -- Found ament_cmake: 1.3.10 (/opt/ros/humble/share/ament_cmake/cmake)
[0.464s] -- Found Python3: /usr/bin/python3 (found version "3.10.12") found components: Interpreter 
[0.613s] -- Configuring done
[0.614s] -- Generating done
[0.615s] -- Build files have been written to: /home/nitzz/my_warehouse_project/build/warehouse_camera
[0.689s] Invoked command in '/home/nitzz/my_warehouse_project/build/warehouse_camera' returned '0': CMAKE_PREFIX_PATH=${CMAKE_PREFIX_PATH}:/home/nitzz/Warehouse_Project/install/my_package:/home/nitzz/Warehouse_Project/install/barcode_box_creation:/home/nitzz/my_warehouse_project/install/warehouse_py_pkg:/home/nitzz/my_warehouse_project/install/pick_and_place_detection:/home/nitzz/my_warehouse_project/install/barcode_stand_reader:/home/nitzz/gazebo_project/install/warehouse_py_pkg:/home/nitzz/ros2_ws/install/webots_ros2_msgs:/opt/ros/humble /usr/bin/cmake /home/nitzz/my_warehouse_project/src/warehouse_camera -DCMAKE_INSTALL_PREFIX=/home/nitzz/my_warehouse_project/install/warehouse_camera
[0.690s] Invoking command in '/home/nitzz/my_warehouse_project/build/warehouse_camera': CMAKE_PREFIX_PATH=${CMAKE_PREFIX_PATH}:/home/nitzz/Warehouse_Project/install/my_package:/home/nitzz/Warehouse_Project/install/barcode_box_creation:/home/nitzz/my_warehouse_project/install/warehouse_py_pkg:/home/nitzz/my_warehouse_project/install/pick_and_place_detection:/home/nitzz/my_warehouse_project/install/barcode_stand_reader:/home/nitzz/gazebo_project/install/warehouse_py_pkg:/home/nitzz/ros2_ws/install/webots_ros2_msgs:/opt/ros/humble /usr/bin/cmake --build /home/nitzz/my_warehouse_project/build/warehouse_camera -- -j16 -l16
[0.717s] Invoked command in '/home/nitzz/my_warehouse_project/build/warehouse_camera' returned '0': CMAKE_PREFIX_PATH=${CMAKE_PREFIX_PATH}:/home/nitzz/Warehouse_Project/install/my_package:/home/nitzz/Warehouse_Project/install/barcode_box_creation:/home/nitzz/my_warehouse_project/install/warehouse_py_pkg:/home/nitzz/my_warehouse_project/install/pick_and_place_detection:/home/nitzz/my_warehouse_project/install/barcode_stand_reader:/home/nitzz/gazebo_project/install/warehouse_py_pkg:/home/nitzz/ros2_ws/install/webots_ros2_msgs:/opt/ros/humble /usr/bin/cmake --build /home/nitzz/my_warehouse_project/build/warehouse_camera -- -j16 -l16
[0.739s] Invoking command in '/home/nitzz/my_warehouse_project/build/warehouse_camera': CMAKE_PREFIX_PATH=${CMAKE_PREFIX_PATH}:/home/nitzz/Warehouse_Project/install/my_package:/home/nitzz/Warehouse_Project/install/barcode_box_creation:/home/nitzz/my_warehouse_project/install/warehouse_py_pkg:/home/nitzz/my_warehouse_project/install/pick_and_place_detection:/home/nitzz/my_warehouse_project/install/barcode_stand_reader:/home/nitzz/gazebo_project/install/warehouse_py_pkg:/home/nitzz/ros2_ws/install/webots_ros2_msgs:/opt/ros/humble /usr/bin/cmake --install /home/nitzz/my_warehouse_project/build/warehouse_camera
[0.745s] -- Install configuration: ""
[0.746s] -- Installing: /home/nitzz/my_warehouse_project/install/warehouse_camera/share/warehouse_camera/urdf
[0.746s] -- Installing: /home/nitzz/my_warehouse_project/install/warehouse_camera/share/warehouse_camera/urdf/camera copy.xacro
[0.746s] -- Installing: /home/nitzz/my_warehouse_project/install/warehouse_camera/share/warehouse_camera/urdf/camera_stand.urdf.xacro
[0.747s] -- Installing: /home/nitzz/my_warehouse_project/install/warehouse_camera/share/warehouse_camera/urdf/common_properties1.xacro
[0.747s] -- Installing: /home/nitzz/my_warehouse_project/install/warehouse_camera/share/warehouse_camera/urdf/box_model_0.sdf
[0.747s] -- Installing: /home/nitzz/my_warehouse_project/install/warehouse_camera/share/warehouse_camera/urdf/camera_stand_gazebo.xacro
[0.747s] -- Installing: /home/nitzz/my_warehouse_project/install/warehouse_camera/share/warehouse_camera/urdf/common_properties1 (copy).xacro
[0.748s] -- Installing: /home/nitzz/my_warehouse_project/install/warehouse_camera/share/warehouse_camera/urdf/camera_setup.urdf.xacro
[0.748s] -- Installing: /home/nitzz/my_warehouse_project/install/warehouse_camera/share/warehouse_camera/urdf/camera.xacro
[0.748s] -- Installing: /home/nitzz/my_warehouse_project/install/warehouse_camera/share/warehouse_camera/rviz
[0.748s] -- Installing: /home/nitzz/my_warehouse_project/install/warehouse_camera/share/warehouse_camera/rviz/urdf_config.rviz
[0.749s] -- Installing: /home/nitzz/my_warehouse_project/install/warehouse_camera/share/ament_index/resource_index/package_run_dependencies/warehouse_camera
[0.750s] -- Installing: /home/nitzz/my_warehouse_project/install/warehouse_camera/share/ament_index/resource_index/parent_prefix_path/warehouse_camera
[0.751s] -- Installing: /home/nitzz/my_warehouse_project/install/warehouse_camera/share/warehouse_camera/environment/ament_prefix_path.sh
[0.751s] -- Installing: /home/nitzz/my_warehouse_project/install/warehouse_camera/share/warehouse_camera/environment/ament_prefix_path.dsv
[0.751s] -- Installing: /home/nitzz/my_warehouse_project/install/warehouse_camera/share/warehouse_camera/environment/path.sh
[0.751s] -- Installing: /home/nitzz/my_warehouse_project/install/warehouse_camera/share/warehouse_camera/environment/path.dsv
[0.751s] -- Installing: /home/nitzz/my_warehouse_project/install/warehouse_camera/share/warehouse_camera/local_setup.bash
[0.752s] -- Installing: /home/nitzz/my_warehouse_project/install/warehouse_camera/share/warehouse_camera/local_setup.sh
[0.752s] -- Installing: /home/nitzz/my_warehouse_project/install/warehouse_camera/share/warehouse_camera/local_setup.zsh
[0.752s] -- Installing: /home/nitzz/my_warehouse_project/install/warehouse_camera/share/warehouse_camera/local_setup.dsv
[0.752s] -- Installing: /home/nitzz/my_warehouse_project/install/warehouse_camera/share/warehouse_camera/package.dsv
[0.752s] -- Installing: /home/nitzz/my_warehouse_project/install/warehouse_camera/share/ament_index/resource_index/packages/warehouse_camera
[0.753s] -- Installing: /home/nitzz/my_warehouse_project/install/warehouse_camera/share/warehouse_camera/cmake/warehouse_cameraConfig.cmake
[0.753s] -- Installing: /home/nitzz/my_warehouse_project/install/warehouse_camera/share/warehouse_camera/cmake/warehouse_cameraConfig-version.cmake
[0.753s] -- Installing: /home/nitzz/my_warehouse_project/install/warehouse_camera/share/warehouse_camera/package.xml
[0.756s] Invoked command in '/home/nitzz/my_warehouse_project/build/warehouse_camera' returned '0': CMAKE_PREFIX_PATH=${CMAKE_PREFIX_PATH}:/home/nitzz/Warehouse_Project/install/my_package:/home/nitzz/Warehouse_Project/install/barcode_box_creation:/home/nitzz/my_warehouse_project/install/warehouse_py_pkg:/home/nitzz/my_warehouse_project/install/pick_and_place_detection:/home/nitzz/my_warehouse_project/install/barcode_stand_reader:/home/nitzz/gazebo_project/install/warehouse_py_pkg:/home/nitzz/ros2_ws/install/webots_ros2_msgs:/opt/ros/humble /usr/bin/cmake --install /home/nitzz/my_warehouse_project/build/warehouse_camera
