[1.063s] Invoking command in '/home/nitzz/my_warehouse_project/src/pick_and_place/pick_and_place_detection': PYTHONPATH=/home/nitzz/my_warehouse_project/build/pick_and_place_detection/prefix_override:/usr/lib/python3/dist-packages/colcon_core/task/python/colcon_distutils_commands:/home/nitzz/my_warehouse_project/install/pick_and_place_detection/lib/python3.10/site-packages:${PYTHONPATH} /usr/bin/python3 -W ignore:setup.py install is deprecated setup.py egg_info --egg-base ../../../build/pick_and_place_detection build --build-base /home/nitzz/my_warehouse_project/build/pick_and_place_detection/build install --record /home/nitzz/my_warehouse_project/build/pick_and_place_detection/install.log --single-version-externally-managed install_data
[1.271s] running egg_info
[1.271s] creating ../../../build/pick_and_place_detection/pick_and_place_detection.egg-info
[1.271s] writing ../../../build/pick_and_place_detection/pick_and_place_detection.egg-info/PKG-INFO
[1.272s] writing dependency_links to ../../../build/pick_and_place_detection/pick_and_place_detection.egg-info/dependency_links.txt
[1.272s] writing entry points to ../../../build/pick_and_place_detection/pick_and_place_detection.egg-info/entry_points.txt
[1.272s] writing requirements to ../../../build/pick_and_place_detection/pick_and_place_detection.egg-info/requires.txt
[1.272s] writing top-level names to ../../../build/pick_and_place_detection/pick_and_place_detection.egg-info/top_level.txt
[1.272s] writing manifest file '../../../build/pick_and_place_detection/pick_and_place_detection.egg-info/SOURCES.txt'
[1.273s] reading manifest file '../../../build/pick_and_place_detection/pick_and_place_detection.egg-info/SOURCES.txt'
[1.274s] writing manifest file '../../../build/pick_and_place_detection/pick_and_place_detection.egg-info/SOURCES.txt'
[1.274s] running build
[1.274s] running build_py
[1.274s] creating /home/nitzz/my_warehouse_project/build/pick_and_place_detection/build
[1.274s] creating /home/nitzz/my_warehouse_project/build/pick_and_place_detection/build/lib
[1.274s] creating /home/nitzz/my_warehouse_project/build/pick_and_place_detection/build/lib/pick_and_place_detection
[1.274s] copying pick_and_place_detection/__init__.py -> /home/nitzz/my_warehouse_project/build/pick_and_place_detection/build/lib/pick_and_place_detection
[1.274s] copying pick_and_place_detection/object_pose_detector.py -> /home/nitzz/my_warehouse_project/build/pick_and_place_detection/build/lib/pick_and_place_detection
[1.274s] running install
[1.274s] running install_lib
[1.275s] creating /home/nitzz/my_warehouse_project/install/pick_and_place_detection/lib/python3.10/site-packages/pick_and_place_detection
[1.275s] copying /home/nitzz/my_warehouse_project/build/pick_and_place_detection/build/lib/pick_and_place_detection/__init__.py -> /home/nitzz/my_warehouse_project/install/pick_and_place_detection/lib/python3.10/site-packages/pick_and_place_detection
[1.275s] copying /home/nitzz/my_warehouse_project/build/pick_and_place_detection/build/lib/pick_and_place_detection/object_pose_detector.py -> /home/nitzz/my_warehouse_project/install/pick_and_place_detection/lib/python3.10/site-packages/pick_and_place_detection
[1.275s] byte-compiling /home/nitzz/my_warehouse_project/install/pick_and_place_detection/lib/python3.10/site-packages/pick_and_place_detection/__init__.py to __init__.cpython-310.pyc
[1.275s] byte-compiling /home/nitzz/my_warehouse_project/install/pick_and_place_detection/lib/python3.10/site-packages/pick_and_place_detection/object_pose_detector.py to object_pose_detector.cpython-310.pyc
[1.276s] running install_data
[1.276s] creating /home/nitzz/my_warehouse_project/install/pick_and_place_detection/share/ament_index
[1.276s] creating /home/nitzz/my_warehouse_project/install/pick_and_place_detection/share/ament_index/resource_index
[1.276s] creating /home/nitzz/my_warehouse_project/install/pick_and_place_detection/share/ament_index/resource_index/packages
[1.276s] copying resource/pick_and_place_detection -> /home/nitzz/my_warehouse_project/install/pick_and_place_detection/share/ament_index/resource_index/packages
[1.276s] copying package.xml -> /home/nitzz/my_warehouse_project/install/pick_and_place_detection/share/pick_and_place_detection
[1.276s] running install_egg_info
[1.277s] Copying ../../../build/pick_and_place_detection/pick_and_place_detection.egg-info to /home/nitzz/my_warehouse_project/install/pick_and_place_detection/lib/python3.10/site-packages/pick_and_place_detection-0.0.0-py3.10.egg-info
[1.278s] running install_scripts
[1.293s] Installing object_pose_detector script to /home/nitzz/my_warehouse_project/install/pick_and_place_detection/lib/pick_and_place_detection
[1.293s] writing list of installed files to '/home/nitzz/my_warehouse_project/build/pick_and_place_detection/install.log'
[1.314s] Invoked command in '/home/nitzz/my_warehouse_project/src/pick_and_place/pick_and_place_detection' returned '0': PYTHONPATH=/home/nitzz/my_warehouse_project/build/pick_and_place_detection/prefix_override:/usr/lib/python3/dist-packages/colcon_core/task/python/colcon_distutils_commands:/home/nitzz/my_warehouse_project/install/pick_and_place_detection/lib/python3.10/site-packages:${PYTHONPATH} /usr/bin/python3 -W ignore:setup.py install is deprecated setup.py egg_info --egg-base ../../../build/pick_and_place_detection build --build-base /home/nitzz/my_warehouse_project/build/pick_and_place_detection/build install --record /home/nitzz/my_warehouse_project/build/pick_and_place_detection/install.log --single-version-externally-managed install_data
